Log file open, 05/01/18 20:06:25
LogWindows: Failed to load 'aqProf.dll' (GetLastError=126)
LogWindows: File 'aqProf.dll' does not exist
LogWindows: Failed to load 'VtuneApi.dll' (GetLastError=126)
LogWindows: File 'VtuneApi.dll' does not exist
LogWindows: Failed to load 'VtuneApi32e.dll' (GetLastError=126)
LogWindows: File 'VtuneApi32e.dll' does not exist
LogInit: Display: Running engine for game: VRGameProject
LogPlatformFile: Not using cached read wrapper
LogInit: Display: RandInit(182936668) SRandInit(182936668).
LogInit: Read version file with build ID '3709383'
LogInit: Overriding engine version to CL 3832480, compatible CL 3709383
LogInit: Registered custom module enumerator with build ID '3709383'
LogTaskGraph: Started task graph with 5 named threads and 14 total threads with 3 sets of task threads.
LogStats: Stats thread started at 0.192809
LogD3D11RHI: Aftermath initialized
LogModuleManager: Display: Found up-to-date module file ../../../Engine/Plugins/Marketplace/DonAINavigation/Binaries/Win64/UE4Editor-DonAINavigation.dll (API version 3709383).
LogModuleManager: Display: Found up-to-date module file ../../../Engine/Plugins/2D/Paper2D/Binaries/Win64/UE4Editor-Paper2D.dll (API version 3709383).
LogModuleManager: Display: Found up-to-date module file ../../../Engine/Plugins/2D/Paper2D/Binaries/Win64/UE4Editor-Paper2DEditor.dll (API version 3709383).
LogModuleManager: Display: Found up-to-date module file ../../../Engine/Plugins/2D/Paper2D/Binaries/Win64/UE4Editor-PaperSpriteSheetImporter.dll (API version 3709383).
LogModuleManager: Display: Found up-to-date module file ../../../Engine/Plugins/2D/Paper2D/Binaries/Win64/UE4Editor-PaperTiledImporter.dll (API version 3709383).
LogModuleManager: Display: Found up-to-date module file ../../../Engine/Plugins/2D/Paper2D/Binaries/Win64/UE4Editor-SmartSnapping.dll (API version 3709383).
LogModuleManager: Display: Found up-to-date module file ../../../Engine/Plugins/Blendables/LightPropagationVolume/Binaries/Win64/UE4Editor-LightPropagationVolumeRuntime.dll (API version 3709383).
LogModuleManager: Display: Found up-to-date module file ../../../Engine/Plugins/Blendables/LightPropagationVolume/Binaries/Win64/UE4Editor-LightPropagationVolumeEditor.dll (API version 3709383).
LogModuleManager: Display: Found up-to-date module file ../../../Engine/Plugins/Developer/GitSourceControl/Binaries/Win64/UE4Editor-GitSourceControl.dll (API version 3709383).
LogModuleManager: Display: Found up-to-date module file ../../../Engine/Plugins/Developer/PerforceSourceControl/Binaries/Win64/UE4Editor-PerforceSourceControl.dll (API version 3709383).
LogModuleManager: Display: Found up-to-date module file ../../../Engine/Plugins/Developer/SubversionSourceControl/Binaries/Win64/UE4Editor-SubversionSourceControl.dll (API version 3709383).
LogModuleManager: Display: Found up-to-date module file ../../../Engine/Plugins/Developer/UObjectPlugin/Binaries/Win64/UE4Editor-UObjectPlugin.dll (API version 3709383).
LogModuleManager: Display: Found up-to-date module file ../../../Engine/Plugins/Developer/VisualStudioCodeSourceCodeAccess/Binaries/Win64/UE4Editor-VisualStudioCodeSourceCodeAccess.dll (API version 3709383).
LogModuleManager: Display: Found up-to-date module file ../../../Engine/Plugins/Developer/VisualStudioSourceCodeAccess/Binaries/Win64/UE4Editor-VisualStudioSourceCodeAccess.dll (API version 3709383).
LogModuleManager: Display: Found up-to-date module file ../../../Engine/Plugins/Editor/AssetManagerEditor/Binaries/Win64/UE4Editor-AssetManagerEditor.dll (API version 3709383).
LogModuleManager: Display: Found up-to-date module file ../../../Engine/Plugins/Editor/AudioCapture/Binaries/Win64/UE4Editor-AudioCapture.dll (API version 3709383).
LogModuleManager: Display: Found up-to-date module file ../../../Engine/Plugins/Editor/FacialAnimation/Binaries/Win64/UE4Editor-FacialAnimation.dll (API version 3709383).
LogModuleManager: Display: Found up-to-date module file ../../../Engine/Plugins/Editor/FacialAnimation/Binaries/Win64/UE4Editor-FacialAnimationEditor.dll (API version 3709383).
LogModuleManager: Display: Found up-to-date module file ../../../Engine/Plugins/Editor/GameplayTagsEditor/Binaries/Win64/UE4Editor-GameplayTagsEditor.dll (API version 3709383).
LogModuleManager: Display: Found up-to-date module file ../../../Engine/Plugins/Editor/MobileLauncherProfileWizard/Binaries/Win64/UE4Editor-MobileLauncherProfileWizard.dll (API version 3709383).
LogModuleManager: Display: Found up-to-date module file ../../../Engine/Plugins/Editor/PluginBrowser/Binaries/Win64/UE4Editor-PluginBrowser.dll (API version 3709383).
LogModuleManager: Display: Found up-to-date module file ../../../Engine/Plugins/Editor/SpeedTreeImporter/Binaries/Win64/UE4Editor-SpeedTreeImporter.dll (API version 3709383).
LogModuleManager: Display: Found up-to-date module file ../../../Engine/Plugins/Experimental/AlembicImporter/Binaries/Win64/UE4Editor-AlembicImporter.dll (API version 3709383).
LogModuleManager: Display: Found up-to-date module file ../../../Engine/Plugins/Experimental/AlembicImporter/Binaries/Win64/UE4Editor-AlembicLibrary.dll (API version 3709383).
LogModuleManager: Display: Found up-to-date module file ../../../Engine/Plugins/Experimental/CharacterAI/Binaries/Win64/UE4Editor-CharacterAI.dll (API version 3709383).
LogModuleManager: Display: Found up-to-date module file ../../../Engine/Plugins/Experimental/HTML5Networking/Binaries/Win64/UE4Editor-HTML5Networking.dll (API version 3709383).
LogModuleManager: Display: Found up-to-date module file ../../../Engine/Plugins/Media/AndroidMedia/Binaries/Win64/UE4Editor-AndroidMediaEditor.dll (API version 3709383).
LogModuleManager: Display: Found up-to-date module file ../../../Engine/Plugins/Media/AndroidMedia/Binaries/Win64/UE4Editor-AndroidMediaFactory.dll (API version 3709383).
LogModuleManager: Display: Found up-to-date module file ../../../Engine/Plugins/Media/AvfMedia/Binaries/Win64/UE4Editor-AvfMediaEditor.dll (API version 3709383).
LogModuleManager: Display: Found up-to-date module file ../../../Engine/Plugins/Media/AvfMedia/Binaries/Win64/UE4Editor-AvfMediaFactory.dll (API version 3709383).
LogModuleManager: Display: Found up-to-date module file ../../../Engine/Plugins/Media/AvfMedia/Binaries/Win64/UE4Editor-AvfMediaFactory.dll (API version 3709383).
LogModuleManager: Display: Found up-to-date module file ../../../Engine/Plugins/Media/ImgMedia/Binaries/Win64/UE4Editor-ImgMedia.dll (API version 3709383).
LogModuleManager: Display: Found up-to-date module file ../../../Engine/Plugins/Media/ImgMedia/Binaries/Win64/UE4Editor-ImgMediaEditor.dll (API version 3709383).
LogModuleManager: Display: Found up-to-date module file ../../../Engine/Plugins/Media/ImgMedia/Binaries/Win64/UE4Editor-ImgMediaFactory.dll (API version 3709383).
LogModuleManager: Display: Found up-to-date module file ../../../Engine/Plugins/Media/ImgMedia/Binaries/Win64/UE4Editor-ImgMediaFactory.dll (API version 3709383).
LogModuleManager: Display: Found up-to-date module file ../../../Engine/Plugins/Media/ImgMedia/Binaries/Win64/UE4Editor-OpenExrWrapper.dll (API version 3709383).
LogModuleManager: Display: Found up-to-date module file ../../../Engine/Plugins/Media/MediaCompositing/Binaries/Win64/UE4Editor-MediaCompositing.dll (API version 3709383).
LogModuleManager: Display: Found up-to-date module file ../../../Engine/Plugins/Media/MediaCompositing/Binaries/Win64/UE4Editor-MediaCompositingEditor.dll (API version 3709383).
LogModuleManager: Display: Found up-to-date module file ../../../Engine/Plugins/Media/MediaPlayerEditor/Binaries/Win64/UE4Editor-MediaPlayerEditor.dll (API version 3709383).
LogModuleManager: Display: Found up-to-date module file ../../../Engine/Plugins/Media/WmfMedia/Binaries/Win64/UE4Editor-WmfMedia.dll (API version 3709383).
LogModuleManager: Display: Found up-to-date module file ../../../Engine/Plugins/Media/WmfMedia/Binaries/Win64/UE4Editor-WmfMediaEditor.dll (API version 3709383).
LogModuleManager: Display: Found up-to-date module file ../../../Engine/Plugins/Media/WmfMedia/Binaries/Win64/UE4Editor-WmfMediaFactory.dll (API version 3709383).
LogModuleManager: Display: Found up-to-date module file ../../../Engine/Plugins/Media/WmfMedia/Binaries/Win64/UE4Editor-WmfMediaFactory.dll (API version 3709383).
LogModuleManager: Display: Found up-to-date module file ../../../Engine/Plugins/Messaging/TcpMessaging/Binaries/Win64/UE4Editor-TcpMessaging.dll (API version 3709383).
LogModuleManager: Display: Found up-to-date module file ../../../Engine/Plugins/Messaging/UdpMessaging/Binaries/Win64/UE4Editor-UdpMessaging.dll (API version 3709383).
LogModuleManager: Display: Found up-to-date module file ../../../Engine/Plugins/MovieScene/ActorSequence/Binaries/Win64/UE4Editor-ActorSequence.dll (API version 3709383).
LogModuleManager: Display: Found up-to-date module file ../../../Engine/Plugins/MovieScene/LevelSequenceEditor/Binaries/Win64/UE4Editor-LevelSequenceEditor.dll (API version 3709383).
LogModuleManager: Display: Found up-to-date module file ../../../Engine/Plugins/MovieScene/MatineeToLevelSequence/Binaries/Win64/UE4Editor-MatineeToLevelSequence.dll (API version 3709383).
LogModuleManager: Display: Found up-to-date module file ../../../Engine/Plugins/Online/OnlineSubsystem/Binaries/Win64/UE4Editor-OnlineSubsystem.dll (API version 3709383).
LogModuleManager: Display: Found up-to-date module file ../../../Engine/Plugins/Runtime/AndroidPermission/Binaries/Win64/UE4Editor-AndroidPermission.dll (API version 3709383).
LogModuleManager: Display: Found up-to-date module file ../../../Engine/Plugins/Online/OnlineSubsystemNull/Binaries/Win64/UE4Editor-OnlineSubsystemNull.dll (API version 3709383).
LogModuleManager: Display: Found up-to-date module file ../../../Engine/Plugins/Online/OnlineSubsystemUtils/Binaries/Win64/UE4Editor-OnlineSubsystemUtils.dll (API version 3709383).
LogModuleManager: Display: Found up-to-date module file ../../../Engine/Plugins/Online/OnlineSubsystemUtils/Binaries/Win64/UE4Editor-OnlineBlueprintSupport.dll (API version 3709383).
LogModuleManager: Display: Found up-to-date module file ../../../Engine/Plugins/Runtime/AndroidDeviceProfileSelector/Binaries/Win64/UE4Editor-AndroidDeviceProfileSelector.dll (API version 3709383).
LogModuleManager: Display: Found up-to-date module file ../../../Engine/Plugins/Runtime/AppleARKit/Binaries/Win64/UE4Editor-AppleARKit.dll (API version 3709383).
LogModuleManager: Display: Found up-to-date module file ../../../Engine/Plugins/Runtime/ArchVisCharacter/Binaries/Win64/UE4Editor-ArchVisCharacter.dll (API version 3709383).
LogModuleManager: Display: Found up-to-date module file ../../../Engine/Plugins/Runtime/CableComponent/Binaries/Win64/UE4Editor-CableComponent.dll (API version 3709383).
LogModuleManager: Display: Found up-to-date module file ../../../Engine/Plugins/Runtime/CustomMeshComponent/Binaries/Win64/UE4Editor-CustomMeshComponent.dll (API version 3709383).
LogModuleManager: Display: Found up-to-date module file ../../../Engine/Plugins/Runtime/ExampleDeviceProfileSelector/Binaries/Win64/UE4Editor-ExampleDeviceProfileSelector.dll (API version 3709383).
LogModuleManager: Display: Found up-to-date module file ../../../Engine/Plugins/Runtime/ImmediatePhysics/Binaries/Win64/UE4Editor-ImmediatePhysics.dll (API version 3709383).
LogModuleManager: Display: Found up-to-date module file ../../../Engine/Plugins/Runtime/ImmediatePhysics/Binaries/Win64/UE4Editor-ImmediatePhysicsEditor.dll (API version 3709383).
LogModuleManager: Display: Found up-to-date module file ../../../Engine/Plugins/Runtime/LocationServicesBPLibrary/Binaries/Win64/UE4Editor-LocationServicesBPLibrary.dll (API version 3709383).
LogModuleManager: Display: Found up-to-date module file ../../../Engine/Plugins/Runtime/MobilePatchingUtils/Binaries/Win64/UE4Editor-MobilePatchingUtils.dll (API version 3709383).
LogModuleManager: Display: Found up-to-date module file ../../../Engine/Plugins/Runtime/Oculus/OculusVR/Binaries/Win64/UE4Editor-OculusHMD.dll (API version 3709383).
LogModuleManager: Display: Found up-to-date module file ../../../Engine/Plugins/Runtime/Oculus/OculusVR/Binaries/Win64/UE4Editor-OculusInput.dll (API version 3709383).
LogModuleManager: Display: Found up-to-date module file ../../../Engine/Plugins/Runtime/Oculus/OculusVR/Binaries/Win64/UE4Editor-OculusEditor.dll (API version 3709383).
LogModuleManager: Display: Found up-to-date module file ../../../Engine/Plugins/Runtime/PhysXVehicles/Binaries/Win64/UE4Editor-PhysXVehicles.dll (API version 3709383).
LogModuleManager: Display: Found up-to-date module file ../../../Engine/Plugins/Runtime/PhysXVehicles/Binaries/Win64/UE4Editor-PhysXVehiclesEditor.dll (API version 3709383).
LogModuleManager: Display: Found up-to-date module file ../../../Engine/Plugins/Runtime/ProceduralMeshComponent/Binaries/Win64/UE4Editor-ProceduralMeshComponent.dll (API version 3709383).
LogModuleManager: Display: Found up-to-date module file ../../../Engine/Plugins/Runtime/ProceduralMeshComponent/Binaries/Win64/UE4Editor-ProceduralMeshComponentEditor.dll (API version 3709383).
LogModuleManager: Display: Found up-to-date module file ../../../Engine/Plugins/Runtime/RuntimePhysXCooking/Binaries/Win64/UE4Editor-RuntimePhysXCooking.dll (API version 3709383).
LogModuleManager: Display: Found up-to-date module file ../../../Engine/Plugins/Runtime/Steam/SteamVR/Binaries/Win64/UE4Editor-SteamVR.dll (API version 3709383).
LogModuleManager: Display: Found up-to-date module file ../../../Engine/Plugins/Runtime/Steam/SteamVR/Binaries/Win64/UE4Editor-SteamVRController.dll (API version 3709383).
LogModuleManager: Display: Found up-to-date module file ../../../Engine/Plugins/Runtime/WindowsMoviePlayer/Binaries/Win64/UE4Editor-WindowsMoviePlayer.dll (API version 3709383).
LogPluginManager: Mounting plugin Paper2D
LogPluginManager: Mounting plugin LightPropagationVolume
LogPluginManager: Mounting plugin CodeLiteSourceCodeAccess
LogPluginManager: Mounting plugin GitSourceControl
LogPluginManager: Mounting plugin KDevelopSourceCodeAccess
LogPluginManager: Mounting plugin NullSourceCodeAccess
LogPluginManager: Mounting plugin PerforceSourceControl
LogPluginManager: Mounting plugin SubversionSourceControl
LogPluginManager: Mounting plugin UObjectPlugin
LogPluginManager: Mounting plugin VisualStudioCodeSourceCodeAccess
LogPluginManager: Mounting plugin VisualStudioSourceCodeAccess
LogPluginManager: Mounting plugin XCodeSourceCodeAccess
LogPluginManager: Mounting plugin AssetManagerEditor
LogPluginManager: Mounting plugin AudioCapture
LogPluginManager: Mounting plugin FacialAnimation
LogPluginManager: Mounting plugin GameplayTagsEditor
LogPluginManager: Mounting plugin MobileLauncherProfileWizard
LogPluginManager: Mounting plugin PluginBrowser
LogPluginManager: Mounting plugin SpeedTreeImporter
LogPluginManager: Mounting plugin AlembicImporter
LogPluginManager: Mounting plugin CharacterAI
LogPluginManager: Mounting plugin HTML5Networking
LogPluginManager: Mounting plugin DonAINavigation
LogPluginManager: Mounting plugin AndroidMedia
LogPluginManager: Mounting plugin AvfMedia
LogPluginManager: Mounting plugin ImgMedia
LogPluginManager: Mounting plugin MediaCompositing
LogPluginManager: Mounting plugin MediaPlayerEditor
LogPluginManager: Mounting plugin WmfMedia
LogPluginManager: Mounting plugin TcpMessaging
LogPluginManager: Mounting plugin UdpMessaging
LogPluginManager: Mounting plugin ActorSequence
LogPluginManager: Mounting plugin LevelSequenceEditor
LogPluginManager: Mounting plugin MatineeToLevelSequence
LogPluginManager: Mounting plugin OnlineSubsystemGooglePlay
LogPluginManager: Mounting plugin OnlineSubsystemIOS
LogPluginManager: Mounting plugin OnlineSubsystem
LogPluginManager: Mounting plugin OnlineSubsystemNull
LogPluginManager: Mounting plugin OnlineSubsystemUtils
LogPluginManager: Mounting plugin AndroidDeviceProfileSelector
LogPluginManager: Mounting plugin AndroidMoviePlayer
LogPluginManager: Mounting plugin AndroidPermission
LogPluginManager: Mounting plugin AppleARKit
LogPluginManager: Mounting plugin AppleMoviePlayer
LogPluginManager: Mounting plugin ArchVisCharacter
LogPluginManager: Mounting plugin CableComponent
LogPluginManager: Mounting plugin CustomMeshComponent
LogPluginManager: Mounting plugin ExampleDeviceProfileSelector
LogPluginManager: Mounting plugin GoogleCloudMessaging
LogPluginManager: Mounting plugin ImmediatePhysics
LogPluginManager: Mounting plugin IOSDeviceProfileSelector
LogPluginManager: Mounting plugin LinuxDeviceProfileSelector
LogPluginManager: Mounting plugin LocationServicesBPLibrary
LogPluginManager: Mounting plugin MobilePatchingUtils
LogPluginManager: Mounting plugin OculusVR
LogPluginManager: Plugin shader directory ../../../Engine/Plugins/Runtime/Oculus/OculusVR/Shaders found
LogPluginManager: Mapping shader source directory ../../../Engine/Plugins/Runtime/Oculus/OculusVR/Shaders to virtual directory /Plugin/OculusVR
LogPluginManager: Mounting plugin PhysXVehicles
LogPluginManager: Mounting plugin ProceduralMeshComponent
LogPluginManager: Mounting plugin RuntimePhysXCooking
LogPluginManager: Mounting plugin SteamVR
LogPluginManager: Mounting plugin WindowsMoviePlayer
LogInit: Using libcurl 7.47.1
LogInit:  - built for x86_64-pc-win32
LogInit:  - supports SSL with OpenSSL/1.0.2g
LogInit:  - supports HTTP deflate (compression) using libz 1.2.8
LogInit:  - other features:
LogInit:      CURL_VERSION_SSL
LogInit:      CURL_VERSION_LIBZ
LogInit:      CURL_VERSION_IPV6
LogInit:      CURL_VERSION_ASYNCHDNS
LogInit:      CURL_VERSION_LARGEFILE
LogInit:      CURL_VERSION_IDN
LogInit:  CurlRequestOptions (configurable via config and command line):
LogInit:  - bVerifyPeer = false  - Libcurl will NOT verify peer certificate
LogInit:  - bUseHttpProxy = false  - Libcurl will NOT use HTTP proxy
LogInit:  - bDontReuseConnections = false  - Libcurl will reuse connections
LogInit:  - CertBundlePath = nullptr  - Libcurl will use whatever was configured at build time.
LogHMD: Failed initializing OVRPlugin 1.19.0
LogInit: Build: ++UE4+Release-4.18-CL-3832480
LogInit: Engine Version: 4.18.3-3832480+++UE4+Release-4.18
LogInit: Compatible Engine Version: 4.18.0-3709383+++UE4+Release-4.18
LogInit: Net CL: 3709383
LogDevObjectVersion: Number of dev versions registered: 16
LogDevObjectVersion:   Dev-Blueprints (B0D832E4-1F89-4F0D-ACCF-7EB736FD4AA2): 10
LogDevObjectVersion:   Dev-Build (E1C64328-A22C-4D53-A36C-8E866417BD8C): 0
LogDevObjectVersion:   Dev-Core (375EC13C-06E4-48FB-B500-84F0262A717E): 2
LogDevObjectVersion:   Dev-Editor (E4B068ED-F494-42E9-A231-DA0B2E46BB41): 20
LogDevObjectVersion:   Dev-Framework (CFFC743F-43B0-4480-9391-14DF171D2073): 30
LogDevObjectVersion:   Dev-Mobile (B02B49B5-BB20-44E9-A304-32B752E40360): 0
LogDevObjectVersion:   Dev-Networking (A4E4105C-59A1-49B5-A7C5-40C4547EDFEE): 0
LogDevObjectVersion:   Dev-Online (39C831C9-5AE6-47DC-9A44-9C173E1C8E7C): 0
LogDevObjectVersion:   Dev-Physics (78F01B33-EBEA-4F98-B9B4-84EACCB95AA2): 0
LogDevObjectVersion:   Dev-Platform (6631380F-2D4D-43E0-8009-CF276956A95A): 0
LogDevObjectVersion:   Dev-Rendering (12F88B9F-8875-4AFC-A67C-D90C383ABD29): 20
LogDevObjectVersion:   Dev-Sequencer (7B5AE74C-D270-4C10-A958-57980B212A5A): 4
LogDevObjectVersion:   Dev-VR (D7296918-1DD6-4BDD-9DE2-64A83CC13884): 0
LogDevObjectVersion:   Dev-LoadTimes (C2A15278-BFE7-4AFE-6C17-90FF531DF755): 1
LogDevObjectVersion:   Private-Geometry (6EACA3D4-40EC-4CC1-B786-8BED09428FC5): 1
LogDevObjectVersion:   Dev-AnimPhys (29E575DD-E0A3-4627-9D10-D276232CDCEA): 12
LogInit: Compiled (64-bit): Jan 12 2018 02:04:55
LogInit: Compiled with Visual C++: 19.00.24215.01
LogInit: Build Configuration: Development
LogInit: Branch Name: ++UE4+Release-4.18
LogInit: Command line:  
LogInit: Base directory: C:/Program Files/Epic Games/UE_4.18/Engine/Binaries/Win64/
LogInit: Installed Engine Build: 1
LogInit: Presizing for max 8388607 objects, including 0 objects not considered by GC, pre-allocating 0 bytes for permanent pool.
LogInit: Object subsystem initialized
[2018.05.02-00.06.26:948][  0]LogInit: Selected Device Profile: [Windows]
[2018.05.02-00.06.26:948][  0]LogInit: Applying CVar settings loaded from the selected device profile: [Windows]
[2018.05.02-00.06.26:974][  0]LogInit: Computer: SIGLAB-VR6
[2018.05.02-00.06.26:974][  0]LogInit: User: SIG
[2018.05.02-00.06.26:974][  0]LogInit: CPU Page size=4096, Cores=4
[2018.05.02-00.06.26:974][  0]LogInit: High frequency timer resolution =3.604935 MHz
[2018.05.02-00.06.26:974][  0]LogMemory: Memory total: Physical=31.9GB (32GB approx)
[2018.05.02-00.06.26:974][  0]LogMemory: Platform Memory Stats for Windows
[2018.05.02-00.06.26:974][  0]LogMemory: Process Physical Memory: 277.24 MB used, 277.24 MB peak
[2018.05.02-00.06.26:974][  0]LogMemory: Process Virtual Memory: 276.25 MB used, 276.25 MB peak
[2018.05.02-00.06.26:974][  0]LogMemory: Physical Memory: 7118.75 MB used,  25571.66 MB free, 32690.41 MB total
[2018.05.02-00.06.26:974][  0]LogMemory: Virtual Memory: 735.32 MB used,  25571.66 MB free, 134217728.00 MB total
[2018.05.02-00.06.27:151][  0]LogInit: Using OS detected language (en-US).
[2018.05.02-00.06.27:151][  0]LogInit: Using OS detected locale (en-US).
[2018.05.02-00.06.27:153][  0]LogTextLocalizationManager: No specific localization for 'en-US' exists, so the 'en' localization will be used.
[2018.05.02-00.06.27:551][  0]LogInit: Setting process to per monitor DPI aware
[2018.05.02-00.06.27:827][  0]LogD3D11RHI: D3D11 adapters:
[2018.05.02-00.06.27:869][  0]LogD3D11RHI:    0. 'NVIDIA GeForce GTX 1070' (Feature Level 11_0)
[2018.05.02-00.06.27:869][  0]LogD3D11RHI:       8096/0/16345 MB DedicatedVideo/DedicatedSystem/SharedSystem, Outputs:1, VendorId:0x10de
[2018.05.02-00.06.27:872][  0]LogD3D11RHI:    1. 'Microsoft Basic Render Driver' (Feature Level 11_0)
[2018.05.02-00.06.27:872][  0]LogD3D11RHI:       0/0/16345 MB DedicatedVideo/DedicatedSystem/SharedSystem, Outputs:0, VendorId:0x1414
[2018.05.02-00.06.27:872][  0]LogD3D11RHI: Chosen D3D11 Adapter: 0
[2018.05.02-00.06.27:879][  0]LogD3D11RHI: Creating new Direct3DDevice
[2018.05.02-00.06.27:879][  0]LogD3D11RHI:     GPU DeviceId: 0x1b81 (for the marketing name, search the web for "GPU Device Id")
[2018.05.02-00.06.27:879][  0]LogWindows: EnumDisplayDevices:
[2018.05.02-00.06.27:879][  0]LogWindows:    0. 'NVIDIA GeForce GTX 1070' (P:1 D:1)
[2018.05.02-00.06.27:879][  0]LogWindows:    1. 'NVIDIA GeForce GTX 1070' (P:0 D:0)
[2018.05.02-00.06.27:880][  0]LogWindows:    2. 'NVIDIA GeForce GTX 1070' (P:0 D:0)
[2018.05.02-00.06.27:880][  0]LogWindows:    3. 'NVIDIA GeForce GTX 1070' (P:0 D:0)
[2018.05.02-00.06.27:880][  0]LogWindows: DebugString: GetVideoDriverDetailsInvalid PrimaryIsNotTheChoosenAdapter GetVideoDriverDetailsInvalid PrimaryIsNotTheChoosenAdapter GetVideoDriverDetailsInvalid PrimaryIsNotTheChoosenAdapter GetVideoDriverDetailsInvalid PrimaryIsNotTheChoosenAdapter FoundDriverCount:0 
[2018.05.02-00.06.27:880][  0]LogD3D11RHI:     Adapter Name: NVIDIA GeForce GTX 1070
[2018.05.02-00.06.27:880][  0]LogD3D11RHI:   Driver Version: Unknown (internal:Unknown, unified:Unknown)
[2018.05.02-00.06.27:880][  0]LogD3D11RHI:      Driver Date: Unknown
[2018.05.02-00.06.27:880][  0]LogRHI: Texture pool is 5667 MB (70% of 8096 MB)
[2018.05.02-00.06.27:908][  0]LogD3D11RHI: Async texture creation enabled
[2018.05.02-00.06.27:920][  0]LogD3D11RHI: GPU Timing Frequency: 1000.000000 (Debug: 2 1)
[2018.05.02-00.06.27:963][  0]LogShaderCompilers: Guid format shader working directory is -19 characters bigger than the processId version (../../../../../../Users/SIG/Desktop/CatchThatKey/VRGameProject/Intermediate/Shaders/WorkingDirectory/11768/).
[2018.05.02-00.06.27:963][  0]LogShaderCompilers: Cleaned the shader compiler working directory 'C:/Users/SIG/AppData/Local/Temp/UnrealShaderWorkingDir/1C3A1BA9490BE7E6F7BE2DB9C6726639/'.
[2018.05.02-00.06.27:963][  0]LogShaderCompilers: Display: Using Local Shader Compiler.
[2018.05.02-00.06.28:931][  0]LogTemp: Display: Loaded TP AllDesktopTargetPlatform
[2018.05.02-00.06.28:988][  0]LogTemp: Display: Loaded TP MacClientTargetPlatform
[2018.05.02-00.06.29:044][  0]LogTemp: Display: Loaded TP MacNoEditorTargetPlatform
[2018.05.02-00.06.29:099][  0]LogTemp: Display: Loaded TP MacServerTargetPlatform
[2018.05.02-00.06.29:153][  0]LogTemp: Display: Loaded TP MacTargetPlatform
[2018.05.02-00.06.29:208][  0]LogTemp: Display: Loaded TP WindowsClientTargetPlatform
[2018.05.02-00.06.29:264][  0]LogTemp: Display: Loaded TP WindowsNoEditorTargetPlatform
[2018.05.02-00.06.29:319][  0]LogTemp: Display: Loaded TP WindowsServerTargetPlatform
[2018.05.02-00.06.29:369][  0]LogTemp: Display: Loaded TP WindowsTargetPlatform
[2018.05.02-00.06.29:425][  0]LogTemp: Display: Loaded TP Android_ASTCTargetPlatform
[2018.05.02-00.06.29:481][  0]LogTemp: Display: Loaded TP Android_ATCTargetPlatform
[2018.05.02-00.06.29:534][  0]LogTemp: Display: Loaded TP Android_DXTTargetPlatform
[2018.05.02-00.06.29:589][  0]LogTemp: Display: Loaded TP Android_ETC1TargetPlatform
[2018.05.02-00.06.29:645][  0]LogTemp: Display: Loaded TP Android_ETC2TargetPlatform
[2018.05.02-00.06.29:753][  0]LogTemp: Display: Loaded TP Android_MultiTargetPlatform
[2018.05.02-00.06.29:753][  0]LogTemp: Display: Loaded TP Android_PVRTCTargetPlatform
[2018.05.02-00.06.29:810][  0]LogTemp: Display: Loaded TP AndroidTargetPlatform
[2018.05.02-00.06.29:854][  0]LogTemp: Display: Loaded TP HTML5TargetPlatform
[2018.05.02-00.06.29:951][  0]LogTemp: Display: Loaded TP IOSTargetPlatform
[2018.05.02-00.06.29:979][  0]LogTemp: Display: Loaded TP TVOSTargetPlatform
[2018.05.02-00.06.30:035][  0]LogTemp: Display: Loaded TP LinuxClientTargetPlatform
[2018.05.02-00.06.30:090][  0]LogTemp: Display: Loaded TP LinuxNoEditorTargetPlatform
[2018.05.02-00.06.30:147][  0]LogTemp: Display: Loaded TP LinuxServerTargetPlatform
[2018.05.02-00.06.30:201][  0]LogTemp: Display: Loaded TP LinuxTargetPlatform
[2018.05.02-00.06.30:202][  0]LogTargetPlatformManager: Display: Building Assets For Windows
[2018.05.02-00.06.30:710][  0]LogDerivedDataCache: Display: Max Cache Size: 512 MB
[2018.05.02-00.06.30:789][  0]LogDerivedDataCache: Loaded boot cache 0.08s 79MB C:/Users/SIG/AppData/Local/UnrealEngine/4.18/DerivedDataCache/Boot.ddc.
[2018.05.02-00.06.30:789][  0]LogDerivedDataCache: Display: Loaded Boot cache: C:/Users/SIG/AppData/Local/UnrealEngine/4.18/DerivedDataCache/Boot.ddc
[2018.05.02-00.06.30:789][  0]LogDerivedDataCache: FDerivedDataBackendGraph:  Pak pak cache file ../../../../../../Users/SIG/Desktop/CatchThatKey/VRGameProject/DerivedDataCache/DDC.ddp not found, will not use a pak cache.
[2018.05.02-00.06.30:789][  0]LogDerivedDataCache: Unable to find inner node Pak for hierarchical cache Hierarchy.
[2018.05.02-00.06.30:789][  0]LogDerivedDataCache: FDerivedDataBackendGraph:  CompressedPak pak cache file ../../../../../../Users/SIG/Desktop/CatchThatKey/VRGameProject/DerivedDataCache/Compressed.ddp not found, will not use a pak cache.
[2018.05.02-00.06.30:789][  0]LogDerivedDataCache: Unable to find inner node CompressedPak for hierarchical cache Hierarchy.
[2018.05.02-00.06.30:805][  0]LogDerivedDataCache: Display: Pak cache opened for reading ../../../Engine/DerivedDataCache/Compressed.ddp.
[2018.05.02-00.06.30:818][  0]LogDerivedDataCache: Using Local data cache path C:/Users/SIG/AppData/Local/UnrealEngine/Common/DerivedDataCache: Writable
[2018.05.02-00.06.30:828][  0]LogMaterial: Verifying Global Shaders for PCD3D_SM5
[2018.05.02-00.06.30:829][  0]LogSlate: Using Freetype 2.6.0
[2018.05.02-00.06.30:830][  0]LogSlate: SlateFontCache - WITH_FREETYPE: 1, WITH_HARFBUZZ: 1
[2018.05.02-00.06.30:830][  0]LogSlate: SlateFontCache - WITH_FREETYPE: 1, WITH_HARFBUZZ: 1
[2018.05.02-00.06.31:195][  0]LogInit: Selected Device Profile: [Windows]
[2018.05.02-00.06.31:526][  0]LogSimplygon: Simplygon DLL not present - disabling.
[2018.05.02-00.06.31:568][  0]LogMeshReduction: Using SimplygonSwarm for distributed automatic mesh merging
[2018.05.02-00.06.31:568][  0]LogMeshReduction: Using QuadricMeshReduction for automatic static mesh reduction
[2018.05.02-00.06.31:568][  0]LogMeshReduction: No automatic skeletal mesh reduction module available
[2018.05.02-00.06.31:568][  0]LogMeshReduction: No automatic mesh merging module available
[2018.05.02-00.06.31:568][  0]LogMeshMerging: No automatic mesh merging module available
[2018.05.02-00.06.31:593][  0]LogNetVersion: VRGameProject , NetCL: 3709383, EngineNetVer: 2, GameNetVer: 0 (Checksum: 2984268387)
[2018.05.02-00.06.31:754][  0]LogAssetRegistry: FAssetRegistry took 0.0259 seconds to start up
[2018.05.02-00.06.32:254][  0]LogPackageLocalizationCache: Processed 8 localized package path(s) for 2 prioritized culture(s) in 0.077163 seconds
[2018.05.02-00.06.32:260][  0]LogUObjectArray: 35870 objects as part of root set at end of initial load.
[2018.05.02-00.06.32:260][  0]LogUObjectAllocator: 7363704 out of 0 bytes used by permanent object pool.
[2018.05.02-00.06.32:260][  0]LogUObjectArray: CloseDisregardForGC: 0/0 objects in disregard for GC pool
[2018.05.02-00.06.32:316][  0]LogInit: WinSock: version 1.1 (2.2), MaxSocks=32767, MaxUdp=65467
[2018.05.02-00.06.35:082][  0]LogTcpMessaging: Initializing TcpMessaging bridge
[2018.05.02-00.06.35:124][  0]LogUdpMessaging: Initializing bridge on interface 0.0.0.0:0 to multicast group 230.0.0.1:6666.
[2018.05.02-00.06.35:826][  0]LogMaterial: Uniform references updated for custom material expression Custom.
[2018.05.02-00.06.36:260][  0]SourceControl: Source control is disabled
[2018.05.02-00.06.36:260][  0]SourceControl: Source control is disabled
[2018.05.02-00.06.36:316][  0]SourceControl: Source control is disabled
[2018.05.02-00.06.36:369][  0]SourceControl: Source control is disabled
[2018.05.02-00.06.37:197][  0]LogAndroidPermission: UAndroidPermissionCallbackProxy::GetInstance
[2018.05.02-00.06.37:476][  0]LogOcInput: OculusInput pre-init called
[2018.05.02-00.06.37:771][  0]LogEngine: Initializing Engine...
[2018.05.02-00.06.41:328][  0]LogHMD: SteamVR initialized.  Driver: lighthouse  Display: LHR-59C35BB7
[2018.05.02-00.06.41:538][  0]LogStats: UGameplayTagsManager::ConstructGameplayTagTree: Construct from data asset -  0.000 s
[2018.05.02-00.06.41:538][  0]LogStats: UGameplayTagsManager::ConstructGameplayTagTree: GameplayTagTreeChangedEvent.Broadcast -  0.000 s
[2018.05.02-00.06.41:672][  0]LogAIModule: Creating AISystem for world Untitled
[2018.05.02-00.06.41:692][  0]LogInit: XAudio2 using 'Speakers (6- HTC Vive)' : 2 channels at 44.1 kHz using 16 bits per sample (channel mask 0x3)
[2018.05.02-00.06.41:703][  0]LogInit: FAudioDevice initialized.
[2018.05.02-00.06.41:789][  0]LogDerivedDataCache: Saved boot cache 0.09s 79MB C:/Users/SIG/AppData/Local/UnrealEngine/4.18/DerivedDataCache/Boot.ddc.
[2018.05.02-00.06.41:801][  0]LogInit: Texture streaming: Enabled
[2018.05.02-00.06.41:900][  0]LogEngineSessionManager: EngineSessionManager initialized
[2018.05.02-00.06.42:032][  0]LogInit: Transaction tracking system initialized
[2018.05.02-00.06.42:354][  0]BlueprintLog: New page: Editor Load
[2018.05.02-00.06.43:261][  0]LocalizationService: Localization service is disabled
[2018.05.02-00.06.44:014][  0]LogConsoleResponse: Display: 
[2018.05.02-00.06.44:182][  0]LogCook: Display: Max memory allowance for cook 16384mb min free memory 0mb
[2018.05.02-00.06.44:182][  0]LogCook: Display: Mobile HDR setting 1
[2018.05.02-00.06.44:182][  0]LogGameplayTags: Display: UGameplayTagsManager::DoneAddingNativeTags. DelegateIsBound: 0
[2018.05.02-00.06.45:022][  0]LogFileCache: Scanning file cache for directory 'C:/Users/SIG/Desktop/CatchThatKey/VRGameProject/Content/' took 0.02s
[2018.05.02-00.06.45:409][  0]SourceControl: Source control is disabled
[2018.05.02-00.06.45:409][  0]Cmd: MAP LOAD FILE="../../../../../../Users/SIG/Desktop/CatchThatKey/VRGameProject/Content/VirtualRealityBP/Maps/StartupMap.umap" TEMPLATE=0 SHOWPROGRESS=1 FEATURELEVEL=3
[2018.05.02-00.06.45:410][  0]LightingResults: New page: Lighting Build
[2018.05.02-00.06.45:454][  0]MapCheck: New page: Map Check
[2018.05.02-00.06.45:454][  0]LightingResults: New page: Lighting Build
[2018.05.02-00.06.45:550][  0]LogAIModule: Creating AISystem for world StartupMap
[2018.05.02-00.06.45:556][  0]LogEditorServer: Finished looking for orphan Actors (0.000 secs)
[2018.05.02-00.06.45:565][  0]Cmd: MAP CHECKDEP NOCLEARLOG
[2018.05.02-00.06.45:622][  0]MapCheck: Map check complete: 0 Error(s), 0 Warning(s), took 57.192ms to complete.
[2018.05.02-00.06.45:622][  0]LogFileHelpers: Loading map 'StartupMap' took 0.213
[2018.05.02-00.06.45:768][  0]LogCollectionManager: Loaded 0 collections in 0.001656 seconds
[2018.05.02-00.06.45:847][  0]LogFileCache: Scanning file cache for directory 'C:/Users/SIG/Desktop/CatchThatKey/VRGameProject/Saved/Collections/' took 0.01s
[2018.05.02-00.06.45:847][  0]LogFileCache: Scanning file cache for directory 'C:/Users/SIG/Desktop/CatchThatKey/VRGameProject/Content/Developers/SIG/Collections/' took 0.01s
[2018.05.02-00.06.45:848][  0]LogFileCache: Scanning file cache for directory 'C:/Users/SIG/Desktop/CatchThatKey/VRGameProject/Content/Collections/' took 0.01s
[2018.05.02-00.06.45:848][  0]LogCollectionManager: Rebuilt the GUID cache for 0 collections in 0.000000 seconds
[2018.05.02-00.06.45:856][  0]LogContentBrowser: Native class hierarchy populated in 0.0078 seconds. Added 2369 classes and 525 folders.
[2018.05.02-00.06.45:921][  0]LogContentBrowser: Native class hierarchy updated for 'WidgetCarousel' in 0.0002 seconds. Added 0 classes and 0 folders.
[2018.05.02-00.06.45:995][  0]LogContentBrowser: Native class hierarchy updated for 'AddContentDialog' in 0.0002 seconds. Added 0 classes and 0 folders.
[2018.05.02-00.06.46:039][  0]LogContentBrowser: Native class hierarchy updated for 'SceneOutliner' in 0.0002 seconds. Added 1 classes and 2 folders.
[2018.05.02-00.06.46:105][  0]LogSlate: Took 0.000295 seconds to synchronously load lazily loaded font '../../../Engine/Content/Slate/Fonts/Roboto-Regular.ttf' (155K)
[2018.05.02-00.06.46:107][  0]LogSlate: Took 0.000265 seconds to synchronously load lazily loaded font '../../../Engine/Content/Slate/Fonts/Roboto-Bold.ttf' (160K)
[2018.05.02-00.06.46:113][  0]LogSlate: Took 0.000252 seconds to synchronously load lazily loaded font '../../../Engine/Content/Editor/Slate/Fonts/FontAwesome.ttf' (139K)
[2018.05.02-00.06.46:196][  0]LogRenderer: Reallocating scene render targets to support 1224x476 Format 26 NumSamples 1 (Frame:1).
[2018.05.02-00.06.46:344][  0]LogContentBrowser: Native class hierarchy updated for 'HierarchicalLODOutliner' in 0.0003 seconds. Added 1 classes and 2 folders.
[2018.05.02-00.06.46:344][  0]LogLoad: (Engine Initialization) Total time: 22.41 seconds
[2018.05.02-00.06.46:344][  0]LogLoad: (Engine Initialization) Total Blueprint compile time: 0.00 seconds
[2018.05.02-00.06.46:344][  0]LogExternalProfiler: Found external profiler: VSPerf
[2018.05.02-00.06.46:344][  0]LogExternalProfiler: Using external profiler: VSPerf
[2018.05.02-00.06.46:354][  0]LogWindowsTextInputMethodSystem: Display: IME system now deactivated.
[2018.05.02-00.06.46:373][  0]LogContentStreaming: Texture pool size now 1000 MB
[2018.05.02-00.06.46:414][  0]LogSlate: Took 0.000209 seconds to synchronously load lazily loaded font '../../../Engine/Content/Slate/Fonts/Roboto-Light.ttf' (159K)
[2018.05.02-00.06.46:436][  1]LogAssetRegistry: Asset discovery search completed in 14.7048 seconds
[2018.05.02-00.06.46:439][  1]LogCollectionManager: Rebuilt the object cache for 0 collections in 0.000001 seconds (found 0 objects)
[2018.05.02-00.06.46:439][  1]LogCollectionManager: Fixed up redirectors for 0 collections in 0.000047 seconds (updated 0 objects)
[2018.05.02-00.07.10:164][835]LogSlate: Took 0.000182 seconds to synchronously load lazily loaded font '../../../Engine/Content/Slate/Fonts/Roboto-Light.ttf' (159K)
[2018.05.02-00.07.10:980][835]LogSlate: Took 0.000193 seconds to synchronously load lazily loaded font '../../../Engine/Content/Slate/Fonts/Roboto-Regular.ttf' (155K)
[2018.05.02-00.07.11:975][835]LogAIModule: Creating AISystem for world GameplayMap
[2018.05.02-00.07.12:016][835]Cmd: MAP LOAD FILE="../../../../../../Users/SIG/Desktop/CatchThatKey/VRGameProject/Content/VirtualRealityBP/Maps/GameplayMap.umap" TEMPLATE=0 SHOWPROGRESS=1 FEATURELEVEL=3
[2018.05.02-00.07.12:016][835]LightingResults: New page: Lighting Build
[2018.05.02-00.07.12:017][835]LoadErrors: New page: Loading map: GameplayMap.umap
[2018.05.02-00.07.12:018][835]MapCheck: New page: Map Check
[2018.05.02-00.07.12:018][835]LightingResults: New page: Lighting Build
[2018.05.02-00.07.12:116][835]LogEditorServer: Finished looking for orphan Actors (0.000 secs)
[2018.05.02-00.07.12:162][835]Cmd: MAP CHECKDEP NOCLEARLOG
[2018.05.02-00.07.12:256][835]MapCheck: Map check complete: 0 Error(s), 0 Warning(s), took 93.599ms to complete.
[2018.05.02-00.07.12:257][835]LogFileHelpers: Loading map 'GameplayMap' took 0.242
[2018.05.02-00.07.13:896][ 23]LogTemp: Repeating last play command: VR Preview
[2018.05.02-00.07.13:952][ 23]LogBlueprintUserMessages: Early PlayInEditor Detection: Level '/Game/VirtualRealityBP/Maps/GameplayMap.GameplayMap:PersistentLevel' has LevelScriptBlueprint '/Game/VirtualRealityBP/Maps/GameplayMap.GameplayMap:PersistentLevel.GameplayMap' with GeneratedClass '/Game/VirtualRealityBP/Maps/GameplayMap.GameplayMap_C' with ClassGeneratedBy '/Game/VirtualRealityBP/Maps/GameplayMap.GameplayMap:PersistentLevel.GameplayMap'
[2018.05.02-00.07.13:952][ 23]LogPlayLevel: PlayLevel: No blueprints needed recompiling
[2018.05.02-00.07.13:952][ 23]PIE: New page: PIE session: GameplayMap (May 1, 2018, 4:07:13 PM)
[2018.05.02-00.07.13:952][ 23]LogPlayLevel: Creating play world package: /Game/VirtualRealityBP/Maps/UEDPIE_0_GameplayMap
[2018.05.02-00.07.13:964][ 23]LogPlayLevel: PIE: StaticDuplicateObject took: (0.011433s)
[2018.05.02-00.07.13:964][ 23]LogAIModule: Creating AISystem for world GameplayMap
[2018.05.02-00.07.13:965][ 23]LogPlayLevel: PIE: World Init took: (0.000628s)
[2018.05.02-00.07.13:965][ 23]LogPlayLevel: PIE: Created PIE world by copying editor world from /Game/VirtualRealityBP/Maps/GameplayMap.GameplayMap to /Game/VirtualRealityBP/Maps/UEDPIE_0_GameplayMap.GameplayMap (0.012399s)
[2018.05.02-00.07.13:989][ 23]LogInit: XAudio2 using 'Speakers (6- HTC Vive)' : 2 channels at 44.1 kHz using 16 bits per sample (channel mask 0x3)
[2018.05.02-00.07.13:996][ 23]LogInit: FAudioDevice initialized.
[2018.05.02-00.07.14:087][ 23]LogUObjectGlobals: Warning: Failed to find object 'Class None.'
[2018.05.02-00.07.14:087][ 23]LogLoad: Game class is 'GameModeBase'
[2018.05.02-00.07.14:093][ 23]LogWorld: Bringing World /Game/VirtualRealityBP/Maps/UEDPIE_0_GameplayMap.GameplayMap up for play (max tick rate 0) at 2018.05.01-20.07.14
[2018.05.02-00.07.14:095][ 23]LogWorld: Bringing up level for play took: 0.006930
[2018.05.02-00.07.14:139][ 23]LogContentBrowser: Native class hierarchy updated for 'MovieSceneCapture' in 0.0003 seconds. Added 11 classes and 0 folders.
[2018.05.02-00.07.14:145][ 23]DoNNavigationLog: Time spent generating 15625 NAV volumes: 0.002000 seconds
[2018.05.02-00.07.14:161][ 23]DoNNavigationLog: FDonNavigationWorker thread started
[2018.05.02-00.07.14:162][ 23]PIE: Play in editor start time for /Game/VirtualRealityBP/Maps/UEDPIE_0_GameplayMap 1.044
[2018.05.02-00.07.14:162][ 23]LogBlueprintUserMessages: Late PlayInEditor Detection: Level '/Game/VirtualRealityBP/Maps/GameplayMap.GameplayMap:PersistentLevel' has LevelScriptBlueprint '/Game/VirtualRealityBP/Maps/GameplayMap.GameplayMap:PersistentLevel.GameplayMap' with GeneratedClass '/Game/VirtualRealityBP/Maps/GameplayMap.GameplayMap_C' with ClassGeneratedBy '/Game/VirtualRealityBP/Maps/GameplayMap.GameplayMap:PersistentLevel.GameplayMap'
[2018.05.02-00.07.14:211][ 24]LogRenderer: Reallocating scene render targets to support 2160x1200 Format 26 NumSamples 1 (Frame:1).
[2018.05.02-00.07.14:247][ 24]DoNNavigationLog: Warning: Pawn's initial/final position overlaps an obstacle. Attempting to find substitute vector (a nearby free spot) for pathfinding...
[2018.05.02-00.07.14:247][ 24]DoNNavigationLog: Warning: Substitute Origin or Destination (X=0.000 Y=-20.000 Z=0.000 offset) is being used for pawn to overcome initial overlap. (Can be disabled in QueryParams)
[2018.05.02-00.07.14:247][ 24]DoNNavigationLog: Warning: Forcibly moving 4_WineRedKey_92 to new origin for viable pathfinding. (Can be disabled in QueryParams)
[2018.05.02-00.07.45:048][783]LogBlueprintUserMessages: Early EndPlayMap Detection: Level '/Game/VirtualRealityBP/Maps/GameplayMap.GameplayMap:PersistentLevel' has LevelScriptBlueprint '/Game/VirtualRealityBP/Maps/GameplayMap.GameplayMap:PersistentLevel.GameplayMap' with GeneratedClass '/Game/VirtualRealityBP/Maps/GameplayMap.GameplayMap_C' with ClassGeneratedBy '/Game/VirtualRealityBP/Maps/GameplayMap.GameplayMap:PersistentLevel.GameplayMap'
[2018.05.02-00.07.45:197][783]LogBlueprintUserMessages: Late EndPlayMap Detection: Level '/Game/VirtualRealityBP/Maps/GameplayMap.GameplayMap:PersistentLevel' has LevelScriptBlueprint '/Game/VirtualRealityBP/Maps/GameplayMap.GameplayMap:PersistentLevel.GameplayMap' with GeneratedClass '/Game/VirtualRealityBP/Maps/GameplayMap.GameplayMap_C' with ClassGeneratedBy '/Game/VirtualRealityBP/Maps/GameplayMap.GameplayMap:PersistentLevel.GameplayMap'
[2018.05.02-00.07.47:240][999]LogTemp: Repeating last play command: VR Preview
[2018.05.02-00.07.47:261][999]LogBlueprintUserMessages: Early PlayInEditor Detection: Level '/Game/VirtualRealityBP/Maps/GameplayMap.GameplayMap:PersistentLevel' has LevelScriptBlueprint '/Game/VirtualRealityBP/Maps/GameplayMap.GameplayMap:PersistentLevel.GameplayMap' with GeneratedClass '/Game/VirtualRealityBP/Maps/GameplayMap.GameplayMap_C' with ClassGeneratedBy '/Game/VirtualRealityBP/Maps/GameplayMap.GameplayMap:PersistentLevel.GameplayMap'
[2018.05.02-00.07.47:261][999]LogPlayLevel: PlayLevel: No blueprints needed recompiling
[2018.05.02-00.07.47:262][999]PIE: New page: PIE session: GameplayMap (May 1, 2018, 4:07:47 PM)
[2018.05.02-00.07.47:262][999]LogPlayLevel: Creating play world package: /Game/VirtualRealityBP/Maps/UEDPIE_0_GameplayMap
[2018.05.02-00.07.47:276][999]LogPlayLevel: PIE: StaticDuplicateObject took: (0.014482s)
[2018.05.02-00.07.47:277][999]LogAIModule: Creating AISystem for world GameplayMap
[2018.05.02-00.07.47:277][999]LogPlayLevel: PIE: World Init took: (0.000747s)
[2018.05.02-00.07.47:277][999]LogPlayLevel: PIE: Created PIE world by copying editor world from /Game/VirtualRealityBP/Maps/GameplayMap.GameplayMap to /Game/VirtualRealityBP/Maps/UEDPIE_0_GameplayMap.GameplayMap (0.015604s)
[2018.05.02-00.07.47:394][999]LogInit: XAudio2 using 'Speakers (6- HTC Vive)' : 2 channels at 44.1 kHz using 16 bits per sample (channel mask 0x3)
[2018.05.02-00.07.47:402][999]LogInit: FAudioDevice initialized.
[2018.05.02-00.07.47:478][999]LogUObjectGlobals: Warning: Failed to find object 'Class None.'
[2018.05.02-00.07.47:478][999]LogLoad: Game class is 'GameModeBase'
[2018.05.02-00.07.47:485][999]LogWorld: Bringing World /Game/VirtualRealityBP/Maps/UEDPIE_0_GameplayMap.GameplayMap up for play (max tick rate 0) at 2018.05.01-20.07.47
[2018.05.02-00.07.47:487][999]LogWorld: Bringing up level for play took: 0.008332
[2018.05.02-00.07.47:493][999]DoNNavigationLog: Time spent generating 15625 NAV volumes: 0.001000 seconds
[2018.05.02-00.07.47:509][999]DoNNavigationLog: FDonNavigationWorker thread started
[2018.05.02-00.07.47:509][999]PIE: Play in editor start time for /Game/VirtualRealityBP/Maps/UEDPIE_0_GameplayMap 0.392
[2018.05.02-00.07.47:510][999]LogBlueprintUserMessages: Late PlayInEditor Detection: Level '/Game/VirtualRealityBP/Maps/GameplayMap.GameplayMap:PersistentLevel' has LevelScriptBlueprint '/Game/VirtualRealityBP/Maps/GameplayMap.GameplayMap:PersistentLevel.GameplayMap' with GeneratedClass '/Game/VirtualRealityBP/Maps/GameplayMap.GameplayMap_C' with ClassGeneratedBy '/Game/VirtualRealityBP/Maps/GameplayMap.GameplayMap:PersistentLevel.GameplayMap'
[2018.05.02-00.07.47:537][999]LogStats: Warning: MetaData mismatch. Did you assign a stat to two groups? New //STATGROUP_Threads//DonNavigationWorker///Thread_18f8_0///####STATCAT_Advanced#### old //STATGROUP_Threads//DonNavigationWorker///Thread_26a4_0///####STATCAT_Advanced####
[2018.05.02-00.07.47:560][  0]DoNNavigationLog: Warning: Pawn's initial/final position overlaps an obstacle. Attempting to find substitute vector (a nearby free spot) for pathfinding...
[2018.05.02-00.07.47:560][  0]DoNNavigationLog: Warning: Substitute Origin or Destination (X=0.000 Y=-20.000 Z=0.000 offset) is being used for pawn to overcome initial overlap. (Can be disabled in QueryParams)
[2018.05.02-00.07.47:560][  0]DoNNavigationLog: Warning: Forcibly moving 4_WineRedKey_92 to new origin for viable pathfinding. (Can be disabled in QueryParams)
[2018.05.02-00.08.15:184][474]LogBlueprintUserMessages: Early EndPlayMap Detection: Level '/Game/VirtualRealityBP/Maps/GameplayMap.GameplayMap:PersistentLevel' has LevelScriptBlueprint '/Game/VirtualRealityBP/Maps/GameplayMap.GameplayMap:PersistentLevel.GameplayMap' with GeneratedClass '/Game/VirtualRealityBP/Maps/GameplayMap.GameplayMap_C' with ClassGeneratedBy '/Game/VirtualRealityBP/Maps/GameplayMap.GameplayMap:PersistentLevel.GameplayMap'
[2018.05.02-00.08.15:332][474]LogBlueprintUserMessages: Late EndPlayMap Detection: Level '/Game/VirtualRealityBP/Maps/GameplayMap.GameplayMap:PersistentLevel' has LevelScriptBlueprint '/Game/VirtualRealityBP/Maps/GameplayMap.GameplayMap:PersistentLevel.GameplayMap' with GeneratedClass '/Game/VirtualRealityBP/Maps/GameplayMap.GameplayMap_C' with ClassGeneratedBy '/Game/VirtualRealityBP/Maps/GameplayMap.GameplayMap:PersistentLevel.GameplayMap'
[2018.05.02-00.08.23:958][497]PIE: Warning: Constraint in '/Engine/Transient.World_2:PersistentLevel.Bookshelf_C_0.PhysicsConstraintL' attempting to create a joint between objects that are both static.  No joint created.
[2018.05.02-00.08.23:958][497]PIE: Warning: Constraint in '/Engine/Transient.World_2:PersistentLevel.Bookshelf_C_0.PhysicsConstraintR' attempting to create a joint between objects that are both static.  No joint created.
[2018.05.02-00.08.25:165][606]LogContentBrowser: Native class hierarchy updated for 'BlueprintGraph' in 0.0007 seconds. Added 116 classes and 0 folders.
[2018.05.02-00.08.25:801][606]LogSlate: Took 0.000261 seconds to synchronously load lazily loaded font '../../../Engine/Content/Editor/Slate/Fonts/Roboto-BoldCondensed.ttf' (158K)
[2018.05.02-00.08.25:864][607]LogSlate: Took 0.000319 seconds to synchronously load lazily loaded font '../../../Engine/Content/Editor/Slate/Fonts/Roboto-Italic.ttf' (157K)
[2018.05.02-00.08.39:649][870]LogSlate: Took 0.000213 seconds to synchronously load lazily loaded font '../../../Engine/Content/Slate/Fonts/Roboto-Light.ttf' (159K)
[2018.05.02-00.08.50:543][862]BlueprintLog: New page: Compile Bookshelf
[2018.05.02-00.08.50:924][862]PIE: Warning: Constraint in '/Engine/Transient.World_2:PersistentLevel.Bookshelf_C_20.PhysicsConstraintL' attempting to create a joint between objects that are both static.  No joint created.
[2018.05.02-00.08.50:924][862]PIE: Warning: Constraint in '/Engine/Transient.World_2:PersistentLevel.Bookshelf_C_20.PhysicsConstraintR' attempting to create a joint between objects that are both static.  No joint created.
[2018.05.02-00.08.54:691][220]LogTemp: Repeating last play command: VR Preview
[2018.05.02-00.08.54:724][220]LogBlueprintUserMessages: Early PlayInEditor Detection: Level '/Game/VirtualRealityBP/Maps/GameplayMap.GameplayMap:PersistentLevel' has LevelScriptBlueprint '/Game/VirtualRealityBP/Maps/GameplayMap.GameplayMap:PersistentLevel.GameplayMap' with GeneratedClass '/Game/VirtualRealityBP/Maps/GameplayMap.GameplayMap_C' with ClassGeneratedBy '/Game/VirtualRealityBP/Maps/GameplayMap.GameplayMap:PersistentLevel.GameplayMap'
[2018.05.02-00.08.54:724][220]LogPlayLevel: PlayLevel: No blueprints needed recompiling
[2018.05.02-00.08.54:724][220]PIE: New page: PIE session: GameplayMap (May 1, 2018, 4:08:54 PM)
[2018.05.02-00.08.54:724][220]LogPlayLevel: Creating play world package: /Game/VirtualRealityBP/Maps/UEDPIE_0_GameplayMap
[2018.05.02-00.08.54:738][220]LogPlayLevel: PIE: StaticDuplicateObject took: (0.013637s)
[2018.05.02-00.08.54:738][220]LogAIModule: Creating AISystem for world GameplayMap
[2018.05.02-00.08.54:739][220]LogPlayLevel: PIE: World Init took: (0.000646s)
[2018.05.02-00.08.54:739][220]LogPlayLevel: PIE: Created PIE world by copying editor world from /Game/VirtualRealityBP/Maps/GameplayMap.GameplayMap to /Game/VirtualRealityBP/Maps/UEDPIE_0_GameplayMap.GameplayMap (0.014580s)
[2018.05.02-00.08.54:770][220]LogInit: XAudio2 using 'Speakers (6- HTC Vive)' : 2 channels at 44.1 kHz using 16 bits per sample (channel mask 0x3)
[2018.05.02-00.08.54:778][220]LogInit: FAudioDevice initialized.
[2018.05.02-00.08.54:864][220]LogUObjectGlobals: Warning: Failed to find object 'Class None.'
[2018.05.02-00.08.54:864][220]LogLoad: Game class is 'GameModeBase'
[2018.05.02-00.08.54:870][220]LogWorld: Bringing World /Game/VirtualRealityBP/Maps/UEDPIE_0_GameplayMap.GameplayMap up for play (max tick rate 0) at 2018.05.01-20.08.54
[2018.05.02-00.08.54:872][220]LogWorld: Bringing up level for play took: 0.007318
[2018.05.02-00.08.54:877][220]DoNNavigationLog: Time spent generating 15625 NAV volumes: 0.001000 seconds
[2018.05.02-00.08.54:897][220]DoNNavigationLog: FDonNavigationWorker thread started
[2018.05.02-00.08.54:897][220]PIE: Play in editor start time for /Game/VirtualRealityBP/Maps/UEDPIE_0_GameplayMap -0.22
[2018.05.02-00.08.54:898][220]LogBlueprintUserMessages: Late PlayInEditor Detection: Level '/Game/VirtualRealityBP/Maps/GameplayMap.GameplayMap:PersistentLevel' has LevelScriptBlueprint '/Game/VirtualRealityBP/Maps/GameplayMap.GameplayMap:PersistentLevel.GameplayMap' with GeneratedClass '/Game/VirtualRealityBP/Maps/GameplayMap.GameplayMap_C' with ClassGeneratedBy '/Game/VirtualRealityBP/Maps/GameplayMap.GameplayMap:PersistentLevel.GameplayMap'
[2018.05.02-00.08.54:933][220]LogStats: Warning: MetaData mismatch. Did you assign a stat to two groups? New //STATGROUP_Threads//DonNavigationWorker///Thread_26c_0///####STATCAT_Advanced#### old //STATGROUP_Threads//DonNavigationWorker///Thread_26a4_0///####STATCAT_Advanced####
[2018.05.02-00.08.54:962][221]DoNNavigationLog: Warning: Pawn's initial/final position overlaps an obstacle. Attempting to find substitute vector (a nearby free spot) for pathfinding...
[2018.05.02-00.08.54:962][221]DoNNavigationLog: Warning: Substitute Origin or Destination (X=0.000 Y=-20.000 Z=0.000 offset) is being used for pawn to overcome initial overlap. (Can be disabled in QueryParams)
[2018.05.02-00.08.54:962][221]DoNNavigationLog: Warning: Forcibly moving 4_WineRedKey_92 to new origin for viable pathfinding. (Can be disabled in QueryParams)
[2018.05.02-00.09.11:803][730]LogBlueprintUserMessages: Early EndPlayMap Detection: Level '/Game/VirtualRealityBP/Maps/GameplayMap.GameplayMap:PersistentLevel' has LevelScriptBlueprint '/Game/VirtualRealityBP/Maps/GameplayMap.GameplayMap:PersistentLevel.GameplayMap' with GeneratedClass '/Game/VirtualRealityBP/Maps/GameplayMap.GameplayMap_C' with ClassGeneratedBy '/Game/VirtualRealityBP/Maps/GameplayMap.GameplayMap:PersistentLevel.GameplayMap'
[2018.05.02-00.09.12:014][730]LogBlueprintUserMessages: Late EndPlayMap Detection: Level '/Game/VirtualRealityBP/Maps/GameplayMap.GameplayMap:PersistentLevel' has LevelScriptBlueprint '/Game/VirtualRealityBP/Maps/GameplayMap.GameplayMap:PersistentLevel.GameplayMap' with GeneratedClass '/Game/VirtualRealityBP/Maps/GameplayMap.GameplayMap_C' with ClassGeneratedBy '/Game/VirtualRealityBP/Maps/GameplayMap.GameplayMap:PersistentLevel.GameplayMap'
[2018.05.02-00.11.13:080][256]BlueprintLog: New page: Compile Bookshelf
[2018.05.02-00.11.13:455][256]PIE: Warning: Constraint in '/Engine/Transient.World_2:PersistentLevel.Bookshelf_C_21.PhysicsConstraintL' attempting to create a joint between objects that are both static.  No joint created.
[2018.05.02-00.11.13:455][256]PIE: Warning: Constraint in '/Engine/Transient.World_2:PersistentLevel.Bookshelf_C_21.PhysicsConstraintR' attempting to create a joint between objects that are both static.  No joint created.
[2018.05.02-00.11.14:063][309]LogTemp: Repeating last play command: VR Preview
[2018.05.02-00.11.14:087][309]LogBlueprintUserMessages: Early PlayInEditor Detection: Level '/Game/VirtualRealityBP/Maps/GameplayMap.GameplayMap:PersistentLevel' has LevelScriptBlueprint '/Game/VirtualRealityBP/Maps/GameplayMap.GameplayMap:PersistentLevel.GameplayMap' with GeneratedClass '/Game/VirtualRealityBP/Maps/GameplayMap.GameplayMap_C' with ClassGeneratedBy '/Game/VirtualRealityBP/Maps/GameplayMap.GameplayMap:PersistentLevel.GameplayMap'
[2018.05.02-00.11.14:087][309]LogPlayLevel: PlayLevel: No blueprints needed recompiling
[2018.05.02-00.11.14:088][309]PIE: New page: PIE session: GameplayMap (May 1, 2018, 4:11:14 PM)
[2018.05.02-00.11.14:088][309]LogPlayLevel: Creating play world package: /Game/VirtualRealityBP/Maps/UEDPIE_0_GameplayMap
[2018.05.02-00.11.14:100][309]LogPlayLevel: PIE: StaticDuplicateObject took: (0.011955s)
[2018.05.02-00.11.14:100][309]LogAIModule: Creating AISystem for world GameplayMap
[2018.05.02-00.11.14:100][309]LogPlayLevel: PIE: World Init took: (0.000624s)
[2018.05.02-00.11.14:101][309]LogPlayLevel: PIE: Created PIE world by copying editor world from /Game/VirtualRealityBP/Maps/GameplayMap.GameplayMap to /Game/VirtualRealityBP/Maps/UEDPIE_0_GameplayMap.GameplayMap (0.012900s)
[2018.05.02-00.11.14:132][309]LogInit: XAudio2 using 'Speakers (6- HTC Vive)' : 2 channels at 44.1 kHz using 16 bits per sample (channel mask 0x3)
[2018.05.02-00.11.14:140][309]LogInit: FAudioDevice initialized.
[2018.05.02-00.11.14:231][309]LogUObjectGlobals: Warning: Failed to find object 'Class None.'
[2018.05.02-00.11.14:231][309]LogLoad: Game class is 'GameModeBase'
[2018.05.02-00.11.14:238][309]LogWorld: Bringing World /Game/VirtualRealityBP/Maps/UEDPIE_0_GameplayMap.GameplayMap up for play (max tick rate 0) at 2018.05.01-20.11.14
[2018.05.02-00.11.14:240][309]LogWorld: Bringing up level for play took: 0.007429
[2018.05.02-00.11.14:245][309]DoNNavigationLog: Time spent generating 15625 NAV volumes: 0.001000 seconds
[2018.05.02-00.11.14:265][309]DoNNavigationLog: FDonNavigationWorker thread started
[2018.05.02-00.11.14:265][309]PIE: Play in editor start time for /Game/VirtualRealityBP/Maps/UEDPIE_0_GameplayMap 1.147
[2018.05.02-00.11.14:265][309]LogBlueprintUserMessages: Late PlayInEditor Detection: Level '/Game/VirtualRealityBP/Maps/GameplayMap.GameplayMap:PersistentLevel' has LevelScriptBlueprint '/Game/VirtualRealityBP/Maps/GameplayMap.GameplayMap:PersistentLevel.GameplayMap' with GeneratedClass '/Game/VirtualRealityBP/Maps/GameplayMap.GameplayMap_C' with ClassGeneratedBy '/Game/VirtualRealityBP/Maps/GameplayMap.GameplayMap:PersistentLevel.GameplayMap'
[2018.05.02-00.11.14:307][309]LogStats: Warning: MetaData mismatch. Did you assign a stat to two groups? New //STATGROUP_Threads//DonNavigationWorker///Thread_2550_0///####STATCAT_Advanced#### old //STATGROUP_Threads//DonNavigationWorker///Thread_26a4_0///####STATCAT_Advanced####
[2018.05.02-00.11.14:333][310]DoNNavigationLog: Warning: Pawn's initial/final position overlaps an obstacle. Attempting to find substitute vector (a nearby free spot) for pathfinding...
[2018.05.02-00.11.14:334][310]DoNNavigationLog: Warning: Substitute Origin or Destination (X=0.000 Y=-20.000 Z=0.000 offset) is being used for pawn to overcome initial overlap. (Can be disabled in QueryParams)
[2018.05.02-00.11.14:334][310]DoNNavigationLog: Warning: Forcibly moving 4_WineRedKey_92 to new origin for viable pathfinding. (Can be disabled in QueryParams)
[2018.05.02-00.11.14:341][312]DoNNavigationLog: Error: No pathfinding solution exists for query FlyFileHolder_1159, X=-441.616 Y=-83.079 Z=276.087
[2018.05.02-00.11.14:342][312]DoNNavigationLog: Found empty pathsolution in Fly To node. Aborting task...
[2018.05.02-00.11.25:987][355]LogBlueprintUserMessages: Early EndPlayMap Detection: Level '/Game/VirtualRealityBP/Maps/GameplayMap.GameplayMap:PersistentLevel' has LevelScriptBlueprint '/Game/VirtualRealityBP/Maps/GameplayMap.GameplayMap:PersistentLevel.GameplayMap' with GeneratedClass '/Game/VirtualRealityBP/Maps/GameplayMap.GameplayMap_C' with ClassGeneratedBy '/Game/VirtualRealityBP/Maps/GameplayMap.GameplayMap:PersistentLevel.GameplayMap'
[2018.05.02-00.11.26:194][355]LogBlueprintUserMessages: Late EndPlayMap Detection: Level '/Game/VirtualRealityBP/Maps/GameplayMap.GameplayMap:PersistentLevel' has LevelScriptBlueprint '/Game/VirtualRealityBP/Maps/GameplayMap.GameplayMap:PersistentLevel.GameplayMap' with GeneratedClass '/Game/VirtualRealityBP/Maps/GameplayMap.GameplayMap_C' with ClassGeneratedBy '/Game/VirtualRealityBP/Maps/GameplayMap.GameplayMap:PersistentLevel.GameplayMap'
[2018.05.02-00.12.36:252][351]LogSavePackage: Save=40.60ms
[2018.05.02-00.12.36:252][351]LogSavePackage: Moving '../../../../../../Users/SIG/Desktop/CatchThatKey/VRGameProject/Saved/Bookshelf53757AB349856C943EAFF8B2B982028D.tmp' to '../../../../../../Users/SIG/Desktop/CatchThatKey/VRGameProject/Content/Geometry/RoomModels/Bookshelf/Bookshelf.uasset'
[2018.05.02-00.12.36:256][351]LogSavePackage: Display: Finished SavePackage ../../../../../../Users/SIG/Desktop/CatchThatKey/VRGameProject/Content/Geometry/RoomModels/Bookshelf/Bookshelf.uasset
[2018.05.02-00.12.36:776][351]LogSavePackage: Save=382.97ms
[2018.05.02-00.12.36:776][351]LogSavePackage: Moving '../../../../../../Users/SIG/Desktop/CatchThatKey/VRGameProject/Saved/GameplayMapE977993E4054D2A32B20B585679EBE27.tmp' to '../../../../../../Users/SIG/Desktop/CatchThatKey/VRGameProject/Content/VirtualRealityBP/Maps/GameplayMap.umap'
[2018.05.02-00.12.36:779][351]LogSavePackage: Display: Finished SavePackage ../../../../../../Users/SIG/Desktop/CatchThatKey/VRGameProject/Content/VirtualRealityBP/Maps/GameplayMap.umap
[2018.05.02-00.12.36:811][351]LogFileHelpers: Saving map 'GameplayMap' took 0.552
[2018.05.02-00.12.36:900][351]LogWindowsTextInputMethodSystem: Display: IME system now deactivated.
[2018.05.02-00.12.37:082][352]Cmd: QUIT_EDITOR
[2018.05.02-00.12.37:466][352]LogExit: Preparing to exit.
[2018.05.02-00.12.38:277][352]LogDirectoryWatcher: A directory notification for 'C:/Users/SIG/Desktop/CatchThatKey/VRGameProject/Content/' was aborted.
[2018.05.02-00.12.38:278][352]PIE: UWidget::RemoveFromParent() called on '/Game/VirtualRealityBP/Maps/GameplayMap.GameplayMap:None' which has no UMG parent (if it was added directly to a native Slate widget via TakeWidget() then it must be removed explicitly rather than via RemoveFromParent())
[2018.05.02-00.12.38:278][352]PIE: UWidget::RemoveFromParent() called on '/Game/VirtualRealityBP/Maps/GameplayMap.GameplayMap:None' which has no UMG parent (if it was added directly to a native Slate widget via TakeWidget() then it must be removed explicitly rather than via RemoveFromParent())
[2018.05.02-00.12.38:323][352]LogExit: Editor shut down
[2018.05.02-00.12.38:328][352]LogExit: Transaction tracking system shut down
[2018.05.02-00.12.38:509][352]LogDirectoryWatcher: A directory notification for '../../../Engine/Content/' was aborted.
[2018.05.02-00.12.38:509][352]LogDirectoryWatcher: A directory notification for '../../../../../../Users/SIG/Desktop/CatchThatKey/VRGameProject/Content/' was aborted.
[2018.05.02-00.12.38:509][352]LogDirectoryWatcher: A directory notification for '../../../Engine/Plugins/2D/Paper2D/Content/' was aborted.
[2018.05.02-00.12.38:509][352]LogDirectoryWatcher: A directory notification for '../../../Engine/Plugins/Marketplace/DonAINavigation/Content/' was aborted.
[2018.05.02-00.12.38:509][352]LogDirectoryWatcher: A directory notification for '../../../Engine/Plugins/Media/MediaCompositing/Content/' was aborted.
[2018.05.02-00.12.38:509][352]LogDirectoryWatcher: A directory notification for '../../../Engine/Plugins/Runtime/AppleARKit/Content/' was aborted.
[2018.05.02-00.12.38:509][352]LogDirectoryWatcher: A directory notification for '../../../Engine/Plugins/Runtime/Oculus/OculusVR/Content/' was aborted.
[2018.05.02-00.12.38:509][352]LogDirectoryWatcher: A directory notification for '../../../Engine/Plugins/Runtime/Steam/SteamVR/Content/' was aborted.
[2018.05.02-00.12.38:600][352]LogExit: Object subsystem successfully closed.
[2018.05.02-00.12.38:629][352]LogD3D11RHI: Shutdown
[2018.05.02-00.12.38:629][352]LogD3D11RHI: CleanupD3DDevice
[2018.05.02-00.12.38:635][352]LogD3D11RHI: ~FD3D11DynamicRHI
[2018.05.02-00.12.38:648][352]LogModuleManager: Shutting down and abandoning module HierarchicalLODUtilities (556)
[2018.05.02-00.12.38:648][352]LogModuleManager: Shutting down and abandoning module BlueprintGraph (554)
[2018.05.02-00.12.38:648][352]LogModuleManager: Shutting down and abandoning module MovieSceneCapture (552)
[2018.05.02-00.12.38:648][352]LogModuleManager: Shutting down and abandoning module HierarchicalLODOutliner (550)
[2018.05.02-00.12.38:648][352]LogModuleManager: Shutting down and abandoning module SceneOutliner (548)
[2018.05.02-00.12.38:648][352]LogModuleManager: Shutting down and abandoning module AddContentDialog (546)
[2018.05.02-00.12.38:648][352]LogDirectoryWatcher: A directory notification for 'C:/Program Files/Epic Games/UE_4.18/FeaturePacks/' was aborted.
[2018.05.02-00.12.38:649][352]LogModuleManager: Shutting down and abandoning module WidgetCarousel (545)
[2018.05.02-00.12.38:649][352]LogModuleManager: Shutting down and abandoning module EditorWidgets (542)
[2018.05.02-00.12.38:649][352]LogModuleManager: Shutting down and abandoning module CollectionManager (540)
[2018.05.02-00.12.38:649][352]LogDirectoryWatcher: A directory notification for 'C:/Users/SIG/Desktop/CatchThatKey/VRGameProject/Content/Collections/' was aborted.
[2018.05.02-00.12.38:649][352]LogDirectoryWatcher: A directory notification for 'C:/Users/SIG/Desktop/CatchThatKey/VRGameProject/Content/Developers/SIG/Collections/' was aborted.
[2018.05.02-00.12.38:649][352]LogDirectoryWatcher: A directory notification for 'C:/Users/SIG/Desktop/CatchThatKey/VRGameProject/Saved/Collections/' was aborted.
[2018.05.02-00.12.38:650][352]LogModuleManager: Shutting down and abandoning module StatsViewer (538)
[2018.05.02-00.12.38:650][352]LogModuleManager: Shutting down and abandoning module FoliageEdit (536)
[2018.05.02-00.12.38:650][352]LogModuleManager: Shutting down and abandoning module LandscapeEditor (534)
[2018.05.02-00.12.38:650][352]LogModuleManager: Shutting down and abandoning module MeshPaintMode (532)
[2018.05.02-00.12.38:650][352]LogModuleManager: Shutting down and abandoning module SceneDepthPickerMode (530)
[2018.05.02-00.12.38:650][352]LogModuleManager: Shutting down and abandoning module ActorPickerMode (528)
[2018.05.02-00.12.38:650][352]LogModuleManager: Shutting down and abandoning module GeometryMode (526)
[2018.05.02-00.12.38:650][352]LogModuleManager: Shutting down and abandoning module TextureAlignMode (524)
[2018.05.02-00.12.38:650][352]LogModuleManager: Shutting down and abandoning module BspMode (522)
[2018.05.02-00.12.38:650][352]LogModuleManager: Shutting down and abandoning module PIEPreviewDeviceProfileSelector (520)
[2018.05.02-00.12.38:650][352]LogModuleManager: Shutting down and abandoning module HardwareSurvey (518)
[2018.05.02-00.12.38:650][352]LogModuleManager: Shutting down and abandoning module SequenceRecorderSections (516)
[2018.05.02-00.12.38:650][352]LogModuleManager: Shutting down and abandoning module AutomationWorker (514)
[2018.05.02-00.12.38:650][352]LogModuleManager: Shutting down and abandoning module MatineeToLevelSequence (512)
[2018.05.02-00.12.38:650][352]LogModuleManager: Shutting down and abandoning module LevelSequenceEditor (510)
[2018.05.02-00.12.38:650][352]LogModuleManager: Shutting down and abandoning module PlacementMode (509)
[2018.05.02-00.12.38:650][352]LogModuleManager: Shutting down and abandoning module WmfMediaFactory (506)
[2018.05.02-00.12.38:650][352]LogModuleManager: Shutting down and abandoning module WmfMediaEditor (504)
[2018.05.02-00.12.38:650][352]LogModuleManager: Shutting down and abandoning module OpenExrWrapper (502)
[2018.05.02-00.12.38:650][352]LogModuleManager: Shutting down and abandoning module ImgMediaFactory (500)
[2018.05.02-00.12.38:650][352]LogModuleManager: Shutting down and abandoning module ImgMediaEditor (498)
[2018.05.02-00.12.38:650][352]LogModuleManager: Shutting down and abandoning module AvfMediaFactory (496)
[2018.05.02-00.12.38:650][352]LogModuleManager: Shutting down and abandoning module AvfMediaEditor (494)
[2018.05.02-00.12.38:650][352]LogModuleManager: Shutting down and abandoning module AndroidMediaFactory (492)
[2018.05.02-00.12.38:650][352]LogModuleManager: Shutting down and abandoning module AndroidMediaEditor (490)
[2018.05.02-00.12.38:650][352]LogModuleManager: Shutting down and abandoning module CharacterAI (488)
[2018.05.02-00.12.38:650][352]LogModuleManager: Shutting down and abandoning module AudioCapture (486)
[2018.05.02-00.12.38:650][352]LogModuleManager: Shutting down and abandoning module SequenceRecorder (485)
[2018.05.02-00.12.38:650][352]LogModuleManager: Shutting down and abandoning module SmartSnapping (482)
[2018.05.02-00.12.38:650][352]LogModuleManager: Shutting down and abandoning module SessionServices (480)
[2018.05.02-00.12.38:650][352]LogModuleManager: Shutting down and abandoning module ViewportSnapping (478)
[2018.05.02-00.12.38:650][352]LogModuleManager: Shutting down and abandoning module ViewportInteraction (476)
[2018.05.02-00.12.38:650][352]LogModuleManager: Shutting down and abandoning module ClothPainter (474)
[2018.05.02-00.12.38:650][352]LogModuleManager: Shutting down and abandoning module SkeletalMeshEditor (473)
[2018.05.02-00.12.38:650][352]LogModuleManager: Shutting down and abandoning module LogVisualizer (470)
[2018.05.02-00.12.38:650][352]LogModuleManager: Shutting down and abandoning module IntroTutorials (468)
[2018.05.02-00.12.38:651][352]LogModuleManager: Shutting down and abandoning module GameProjectGeneration (467)
[2018.05.02-00.12.38:651][352]LogModuleManager: Shutting down and abandoning module IOSPlatformEditor (464)
[2018.05.02-00.12.38:651][352]LogModuleManager: Shutting down and abandoning module HTML5PlatformEditor (462)
[2018.05.02-00.12.38:651][352]LogModuleManager: Shutting down and abandoning module AndroidPlatformEditor (460)
[2018.05.02-00.12.38:651][352]LogModuleManager: Shutting down and abandoning module AndroidDeviceDetection (459)
[2018.05.02-00.12.38:830][352]LogModuleManager: Shutting down and abandoning module WindowsPlatformEditor (456)
[2018.05.02-00.12.38:830][352]LogModuleManager: Shutting down and abandoning module IOSRuntimeSettings (454)
[2018.05.02-00.12.38:830][352]LogModuleManager: Shutting down and abandoning module AndroidRuntimeSettings (452)
[2018.05.02-00.12.38:830][352]LogModuleManager: Shutting down and abandoning module InputBindingEditor (450)
[2018.05.02-00.12.38:830][352]LogModuleManager: Shutting down and abandoning module MergeActors (448)
[2018.05.02-00.12.38:830][352]LogModuleManager: Shutting down and abandoning module SizeMap (446)
[2018.05.02-00.12.38:830][352]LogModuleManager: Shutting down and abandoning module TreeMap (444)
[2018.05.02-00.12.38:830][352]LogModuleManager: Shutting down and abandoning module ReferenceViewer (442)
[2018.05.02-00.12.38:830][352]LogModuleManager: Shutting down and abandoning module LocalizationDashboard (440)
[2018.05.02-00.12.38:830][352]LogModuleManager: Shutting down and abandoning module LocalizationService (439)
[2018.05.02-00.12.38:830][352]LogModuleManager: Shutting down and abandoning module HardwareTargeting (436)
[2018.05.02-00.12.38:830][352]LogModuleManager: Shutting down and abandoning module DeviceProfileEditor (434)
[2018.05.02-00.12.38:830][352]LogModuleManager: Shutting down and abandoning module UndoHistory (432)
[2018.05.02-00.12.38:830][352]LogModuleManager: Shutting down and abandoning module XmlParser (430)
[2018.05.02-00.12.38:830][352]LogModuleManager: Shutting down and abandoning module Blutility (428)
[2018.05.02-00.12.38:830][352]LogModuleManager: Shutting down and abandoning module ProjectSettingsViewer (426)
[2018.05.02-00.12.38:830][352]LogModuleManager: Shutting down and abandoning module ProjectTargetPlatformEditor (425)
[2018.05.02-00.12.38:830][352]LogModuleManager: Shutting down and abandoning module EditorSettingsViewer (422)
[2018.05.02-00.12.38:830][352]LogModuleManager: Shutting down and abandoning module SettingsEditor (420)
[2018.05.02-00.12.38:831][352]LogModuleManager: Shutting down and abandoning module ProjectLauncher (418)
[2018.05.02-00.12.38:831][352]LogModuleManager: Shutting down and abandoning module SessionFrontend (416)
[2018.05.02-00.12.38:831][352]LogModuleManager: Shutting down and abandoning module ProfilerClient (414)
[2018.05.02-00.12.38:831][352]LogModuleManager: Shutting down and abandoning module DeviceManager (412)
[2018.05.02-00.12.38:831][352]LogModuleManager: Shutting down and abandoning module TargetDeviceServices (411)
[2018.05.02-00.12.38:895][352]LogModuleManager: Shutting down and abandoning module AutomationController (408)
[2018.05.02-00.12.38:895][352]LogModuleManager: Shutting down and abandoning module AutomationWindow (406)
[2018.05.02-00.12.38:895][352]LogModuleManager: Shutting down and abandoning module Layers (404)
[2018.05.02-00.12.38:895][352]LogModuleManager: Shutting down and abandoning module ComponentVisualizers (402)
[2018.05.02-00.12.38:895][352]LogModuleManager: Shutting down and abandoning module DetailCustomizations (400)
[2018.05.02-00.12.38:895][352]LogModuleManager: Shutting down and abandoning module PackagesDialog (398)
[2018.05.02-00.12.38:895][352]LogModuleManager: Shutting down and abandoning module Persona (396)
[2018.05.02-00.12.38:895][352]LogModuleManager: Shutting down and abandoning module AdvancedPreviewScene (395)
[2018.05.02-00.12.38:895][352]LogModuleManager: Shutting down and abandoning module AnimGraph (393)
[2018.05.02-00.12.38:895][352]LogModuleManager: Shutting down and abandoning module Kismet (390)
[2018.05.02-00.12.38:902][352]LogModuleManager: Shutting down and abandoning module ClassViewer (388)
[2018.05.02-00.12.38:902][352]LogModuleManager: Shutting down and abandoning module Toolbox (386)
[2018.05.02-00.12.38:902][352]LogModuleManager: Shutting down and abandoning module ModuleUI (384)
[2018.05.02-00.12.38:902][352]LogModuleManager: Shutting down and abandoning module MovieSceneTools (382)
[2018.05.02-00.12.38:902][352]LogModuleManager: Shutting down and abandoning module OutputLog (380)
[2018.05.02-00.12.38:902][352]LogModuleManager: Shutting down and abandoning module GammaUI (378)
[2018.05.02-00.12.38:902][352]LogModuleManager: Shutting down and abandoning module Documentation (376)
[2018.05.02-00.12.38:902][352]LogModuleManager: Shutting down and abandoning module MovieSceneTracks (374)
[2018.05.02-00.12.38:902][352]LogModuleManager: Shutting down and abandoning module MovieScene (372)
[2018.05.02-00.12.38:902][352]LogModuleManager: Shutting down and abandoning module StreamingPauseRendering (370)
[2018.05.02-00.12.38:902][352]LogModuleManager: Shutting down and abandoning module LauncherPlatform (368)
[2018.05.02-00.12.38:902][352]LogModuleManager: Shutting down and abandoning module AnalyticsET (366)
[2018.05.02-00.12.38:902][352]LogModuleManager: Shutting down and abandoning module PortalServices (364)
[2018.05.02-00.12.38:902][352]LogModuleManager: Shutting down and abandoning module PortalRpc (362)
[2018.05.02-00.12.38:902][352]LogModuleManager: Shutting down and abandoning module MessagingRpc (360)
[2018.05.02-00.12.38:902][352]LogModuleManager: Shutting down and abandoning module AIModule (358)
[2018.05.02-00.12.38:902][352]LogModuleManager: Shutting down and abandoning module GameplayDebugger (357)
[2018.05.02-00.12.38:902][352]LogModuleManager: Shutting down and abandoning module AITestSuite (355)
[2018.05.02-00.12.38:902][352]LogModuleManager: Shutting down and abandoning module DesktopPlatform (352)
[2018.05.02-00.12.38:902][352]LogModuleManager: Shutting down and abandoning module ProfilerService (350)
[2018.05.02-00.12.39:003][352]LogModuleManager: Shutting down and abandoning module TaskGraph (348)
[2018.05.02-00.12.39:003][352]LogModuleManager: Shutting down and abandoning module SteamVRController (346)
[2018.05.02-00.12.39:003][352]LogModuleManager: Shutting down and abandoning module ProceduralMeshComponentEditor (344)
[2018.05.02-00.12.39:003][352]LogModuleManager: Shutting down and abandoning module ProceduralMeshComponent (342)
[2018.05.02-00.12.39:003][352]LogModuleManager: Shutting down and abandoning module OculusInput (340)
[2018.05.02-00.12.39:003][352]LogModuleManager: Shutting down and abandoning module MobilePatchingUtils (338)
[2018.05.02-00.12.39:003][352]LogModuleManager: Shutting down and abandoning module CustomMeshComponent (336)
[2018.05.02-00.12.39:003][352]LogModuleManager: Shutting down and abandoning module CableComponent (334)
[2018.05.02-00.12.39:003][352]LogModuleManager: Shutting down and abandoning module ArchVisCharacter (332)
[2018.05.02-00.12.39:003][352]LogModuleManager: Shutting down and abandoning module AndroidPermission (330)
[2018.05.02-00.12.39:003][352]LogModuleManager: Shutting down and abandoning module ActorSequence (326)
[2018.05.02-00.12.39:003][352]LogModuleManager: Shutting down and abandoning module MediaPlayerEditor (324)
[2018.05.02-00.12.39:003][352]LogModuleManager: Shutting down and abandoning module MediaCompositingEditor (322)
[2018.05.02-00.12.39:003][352]LogModuleManager: Shutting down and abandoning module MediaCompositing (320)
[2018.05.02-00.12.39:003][352]LogModuleManager: Shutting down and abandoning module HTML5Networking (318)
[2018.05.02-00.12.39:003][352]LogModuleManager: Shutting down and abandoning module AlembicImporter (316)
[2018.05.02-00.12.39:003][352]LogModuleManager: Shutting down and abandoning module AlembicLibrary (315)
[2018.05.02-00.12.39:003][352]LogModuleManager: Shutting down and abandoning module GeometryCache (314)
[2018.05.02-00.12.39:003][352]LogModuleManager: Shutting down and abandoning module GeometryCacheEd (313)
[2018.05.02-00.12.39:003][352]LogModuleManager: Shutting down and abandoning module SpeedTreeImporter (308)
[2018.05.02-00.12.39:003][352]LogModuleManager: Shutting down and abandoning module PluginBrowser (306)
[2018.05.02-00.12.39:003][352]LogModuleManager: Shutting down and abandoning module MobileLauncherProfileWizard (304)
[2018.05.02-00.12.39:003][352]LogModuleManager: Shutting down and abandoning module VisualStudioSourceCodeAccess (302)
[2018.05.02-00.12.39:003][352]LogModuleManager: Shutting down and abandoning module VisualStudioCodeSourceCodeAccess (300)
[2018.05.02-00.12.39:004][352]LogModuleManager: Shutting down and abandoning module UObjectPlugin (298)
[2018.05.02-00.12.39:004][352]LogModuleManager: Shutting down and abandoning module SubversionSourceControl (296)
[2018.05.02-00.12.39:004][352]LogModuleManager: Shutting down and abandoning module PerforceSourceControl (294)
[2018.05.02-00.12.39:004][352]LogModuleManager: Shutting down and abandoning module GitSourceControl (292)
[2018.05.02-00.12.39:004][352]LogModuleManager: Shutting down and abandoning module SourceControl (291)
[2018.05.02-00.12.39:004][352]LogModuleManager: Shutting down and abandoning module LightPropagationVolumeEditor (288)
[2018.05.02-00.12.39:004][352]LogModuleManager: Shutting down and abandoning module PaperTiledImporter (286)
[2018.05.02-00.12.39:004][352]LogModuleManager: Shutting down and abandoning module PaperSpriteSheetImporter (284)
[2018.05.02-00.12.39:004][352]LogModuleManager: Shutting down and abandoning module Paper2DEditor (282)
[2018.05.02-00.12.39:004][352]LogModuleManager: Shutting down and abandoning module MeshPaint (281)
[2018.05.02-00.12.39:004][352]LogModuleManager: Shutting down and abandoning module LevelEditor (279)
[2018.05.02-00.12.39:005][352]LogModuleManager: Shutting down and abandoning module PixelInspectorModule (278)
[2018.05.02-00.12.39:005][352]LogModuleManager: Shutting down and abandoning module MainFrame (276)
[2018.05.02-00.12.39:005][352]LogModuleManager: Shutting down and abandoning module HotReload (275)
[2018.05.02-00.12.39:005][352]LogModuleManager: Shutting down and abandoning module RuntimePhysXCooking (270)
[2018.05.02-00.12.39:005][352]LogModuleManager: Shutting down and abandoning module PhysXVehiclesEditor (268)
[2018.05.02-00.12.39:005][352]LogModuleManager: Shutting down and abandoning module PhysXVehicles (266)
[2018.05.02-00.12.39:005][352]LogModuleManager: Shutting down and abandoning module OculusEditor (264)
[2018.05.02-00.12.39:005][352]LogModuleManager: Shutting down and abandoning module LocationServicesBPLibrary (262)
[2018.05.02-00.12.39:005][352]LogModuleManager: Shutting down and abandoning module ImmediatePhysicsEditor (260)
[2018.05.02-00.12.39:005][352]LogModuleManager: Shutting down and abandoning module ImmediatePhysics (258)
[2018.05.02-00.12.39:005][352]LogModuleManager: Shutting down and abandoning module UdpMessaging (256)
[2018.05.02-00.12.39:106][352]LogModuleManager: Shutting down and abandoning module TcpMessaging (254)
[2018.05.02-00.12.39:207][352]LogModuleManager: Shutting down and abandoning module DonAINavigation (252)
[2018.05.02-00.12.39:207][352]LogModuleManager: Shutting down and abandoning module GameplayTagsEditor (250)
[2018.05.02-00.12.39:207][352]LogModuleManager: Shutting down and abandoning module FacialAnimationEditor (248)
[2018.05.02-00.12.39:207][352]LogModuleManager: Shutting down and abandoning module FacialAnimation (246)
[2018.05.02-00.12.39:207][352]LogModuleManager: Shutting down and abandoning module AssetManagerEditor (244)
[2018.05.02-00.12.39:207][352]LogModuleManager: Shutting down and abandoning module GraphEditor (243)
[2018.05.02-00.12.39:208][352]LogModuleManager: Shutting down and abandoning module ContentBrowser (241)
[2018.05.02-00.12.39:209][352]LogModuleManager: Shutting down and abandoning module LightPropagationVolumeRuntime (238)
[2018.05.02-00.12.39:209][352]LogModuleManager: Shutting down and abandoning module Paper2D (236)
[2018.05.02-00.12.39:209][352]LogModuleManager: Shutting down and abandoning module WindowsMoviePlayer (234)
[2018.05.02-00.12.39:209][352]LogModuleManager: Shutting down and abandoning module WmfMedia (232)
[2018.05.02-00.12.39:210][352]LogModuleManager: Shutting down and abandoning module ImgMedia (230)
[2018.05.02-00.12.39:210][352]LogModuleManager: Shutting down and abandoning module PacketHandler (228)
[2018.05.02-00.12.39:210][352]LogModuleManager: Shutting down and abandoning module ClothingSystemEditor (226)
[2018.05.02-00.12.39:210][352]LogModuleManager: Shutting down and abandoning module ClothingSystemRuntime (224)
[2018.05.02-00.12.39:210][352]LogModuleManager: Shutting down and abandoning module MediaAssets (222)
[2018.05.02-00.12.39:210][352]LogModuleManager: Shutting down and abandoning module Media (221)
[2018.05.02-00.12.39:216][352]LogModuleManager: Shutting down and abandoning module Overlay (218)
[2018.05.02-00.12.39:216][352]LogModuleManager: Shutting down and abandoning module OverlayEditor (217)
[2018.05.02-00.12.39:216][352]LogModuleManager: Shutting down and abandoning module VREditor (214)
[2018.05.02-00.12.39:216][352]LogModuleManager: Shutting down and abandoning module StringTableEditor (212)
[2018.05.02-00.12.39:216][352]LogModuleManager: Shutting down and abandoning module GameplayTasksEditor (210)
[2018.05.02-00.12.39:217][352]LogModuleManager: Shutting down and abandoning module BehaviorTreeEditor (208)
[2018.05.02-00.12.39:217][352]LogModuleManager: Shutting down and abandoning module FunctionalTesting (206)
[2018.05.02-00.12.39:217][352]LogModuleManager: Shutting down and abandoning module CollisionAnalyzer (204)
[2018.05.02-00.12.39:217][352]LogModuleManager: Shutting down and abandoning module WorkspaceMenuStructure (203)
[2018.05.02-00.12.39:217][352]LogModuleManager: Shutting down and abandoning module UMG (200)
[2018.05.02-00.12.39:217][352]LogModuleManager: Shutting down and abandoning module UMGEditor (199)
[2018.05.02-00.12.39:217][352]LogModuleManager: Shutting down and abandoning module Sequencer (198)
[2018.05.02-00.12.39:217][352]LogModuleManager: Shutting down and abandoning module MessageLog (195)
[2018.05.02-00.12.39:217][352]LogModuleManager: Shutting down and abandoning module SlateReflector (190)
[2018.05.02-00.12.39:217][352]LogModuleManager: Shutting down and abandoning module Slate (188)
[2018.05.02-00.12.39:217][352]LogModuleManager: Shutting down and abandoning module EditorStyle (186)
[2018.05.02-00.12.39:219][352]LogModuleManager: Shutting down and abandoning module MRMesh (184)
[2018.05.02-00.12.39:219][352]LogModuleManager: Shutting down and abandoning module SourceCodeAccess (182)
[2018.05.02-00.12.39:219][352]LogModuleManager: Shutting down and abandoning module HeadMountedDisplay (180)
[2018.05.02-00.12.39:219][352]LogModuleManager: Shutting down and abandoning module XAudio2 (178)
[2018.05.02-00.12.39:219][352]LogModuleManager: Shutting down and abandoning module Networking (176)
[2018.05.02-00.12.39:219][352]LogModuleManager: Shutting down and abandoning module Core (172)
[2018.05.02-00.12.39:219][352]LogModuleManager: Shutting down and abandoning module LevelSequence (168)
[2018.05.02-00.12.39:219][352]LogModuleManager: Shutting down and abandoning module DirectoryWatcher (166)
[2018.05.02-00.12.39:220][352]LogModuleManager: Shutting down and abandoning module KismetCompiler (164)
[2018.05.02-00.12.39:220][352]LogModuleManager: Shutting down and abandoning module MeshUtilities (162)
[2018.05.02-00.12.39:220][352]LogModuleManager: Shutting down and abandoning module MeshMergeUtilities (161)
[2018.05.02-00.12.39:220][352]LogModuleManager: Shutting down and abandoning module MeshReductionInterface (160)
[2018.05.02-00.12.39:220][352]LogModuleManager: Shutting down and abandoning module SimplygonSwarm (159)
[2018.05.02-00.12.39:220][352]LogModuleManager: Shutting down and abandoning module SimplygonMeshReduction (157)
[2018.05.02-00.12.39:220][352]LogModuleManager: Shutting down and abandoning module QuadricMeshReduction (155)
[2018.05.02-00.12.39:220][352]LogModuleManager: Shutting down and abandoning module MaterialBaking (151)
[2018.05.02-00.12.39:220][352]LogModuleManager: Shutting down and abandoning module DerivedDataCache (148)
[2018.05.02-00.12.39:221][352]LogDerivedDataCache: Shutdown
[2018.05.02-00.12.39:221][352]LogModuleManager: Shutting down and abandoning module TargetPlatform (146)
[2018.05.02-00.12.39:221][352]LogModuleManager: Shutting down and abandoning module VulkanShaderFormat (145)
[2018.05.02-00.12.39:221][352]LogModuleManager: Shutting down and abandoning module ShaderFormatVectorVM (143)
[2018.05.02-00.12.39:221][352]LogModuleManager: Shutting down and abandoning module ShaderFormatOpenGL (141)
[2018.05.02-00.12.39:221][352]LogModuleManager: Shutting down and abandoning module ShaderFormatD3D (139)
[2018.05.02-00.12.39:221][352]LogModuleManager: Shutting down and abandoning module MetalShaderFormat (137)
[2018.05.02-00.12.39:221][352]LogModuleManager: Shutting down and abandoning module TextureFormatUncompressed (135)
[2018.05.02-00.12.39:221][352]LogModuleManager: Shutting down and abandoning module TextureFormatPVR (133)
[2018.05.02-00.12.39:221][352]LogModuleManager: Shutting down and abandoning module TextureFormatDXT (131)
[2018.05.02-00.12.39:221][352]LogModuleManager: Shutting down and abandoning module TextureFormatIntelISPCTexComp (129)
[2018.05.02-00.12.39:221][352]LogModuleManager: Shutting down and abandoning module TextureFormatASTC (127)
[2018.05.02-00.12.39:221][352]LogModuleManager: Shutting down and abandoning module ImageWrapper (126)
[2018.05.02-00.12.39:221][352]LogModuleManager: Shutting down and abandoning module TextureFormatAndroid (123)
[2018.05.02-00.12.39:221][352]LogModuleManager: Shutting down and abandoning module AudioFormatOpus (121)
[2018.05.02-00.12.39:221][352]LogModuleManager: Shutting down and abandoning module AudioFormatOgg (119)
[2018.05.02-00.12.39:222][352]LogModuleManager: Shutting down and abandoning module AudioFormatADPCM (117)
[2018.05.02-00.12.39:222][352]LogModuleManager: Shutting down and abandoning module LinuxTargetPlatform (115)
[2018.05.02-00.12.39:222][352]LogModuleManager: Shutting down and abandoning module LinuxServerTargetPlatform (113)
[2018.05.02-00.12.39:222][352]LogModuleManager: Shutting down and abandoning module LinuxNoEditorTargetPlatform (111)
[2018.05.02-00.12.39:222][352]LogModuleManager: Shutting down and abandoning module LinuxClientTargetPlatform (109)
[2018.05.02-00.12.39:222][352]LogModuleManager: Shutting down and abandoning module TVOSTargetPlatform (107)
[2018.05.02-00.12.39:222][352]LogModuleManager: Shutting down and abandoning module Messaging (105)
[2018.05.02-00.12.39:222][352]LogModuleManager: Shutting down and abandoning module IOSTargetPlatform (103)
[2018.05.02-00.12.39:222][352]LogModuleManager: Shutting down and abandoning module HTML5TargetPlatform (101)
[2018.05.02-00.12.39:222][352]LogModuleManager: Shutting down and abandoning module AndroidTargetPlatform (99)
[2018.05.02-00.12.39:222][352]LogModuleManager: Shutting down and abandoning module Android_PVRTCTargetPlatform (97)
[2018.05.02-00.12.39:222][352]LogModuleManager: Shutting down and abandoning module Android_MultiTargetPlatform (95)
[2018.05.02-00.12.39:222][352]LogModuleManager: Shutting down and abandoning module Android_ETC2TargetPlatform (93)
[2018.05.02-00.12.39:222][352]LogModuleManager: Shutting down and abandoning module Android_ETC1TargetPlatform (91)
[2018.05.02-00.12.39:222][352]LogModuleManager: Shutting down and abandoning module Android_DXTTargetPlatform (89)
[2018.05.02-00.12.39:222][352]LogModuleManager: Shutting down and abandoning module Android_ATCTargetPlatform (87)
[2018.05.02-00.12.39:222][352]LogModuleManager: Shutting down and abandoning module Android_ASTCTargetPlatform (85)
[2018.05.02-00.12.39:222][352]LogModuleManager: Shutting down and abandoning module WindowsTargetPlatform (83)
[2018.05.02-00.12.39:222][352]LogModuleManager: Shutting down and abandoning module WindowsServerTargetPlatform (81)
[2018.05.02-00.12.39:222][352]LogModuleManager: Shutting down and abandoning module WindowsNoEditorTargetPlatform (79)
[2018.05.02-00.12.39:222][352]LogModuleManager: Shutting down and abandoning module WindowsClientTargetPlatform (77)
[2018.05.02-00.12.39:222][352]LogModuleManager: Shutting down and abandoning module MacTargetPlatform (75)
[2018.05.02-00.12.39:222][352]LogModuleManager: Shutting down and abandoning module MacServerTargetPlatform (73)
[2018.05.02-00.12.39:222][352]LogModuleManager: Shutting down and abandoning module MacNoEditorTargetPlatform (71)
[2018.05.02-00.12.39:222][352]LogModuleManager: Shutting down and abandoning module MacClientTargetPlatform (69)
[2018.05.02-00.12.39:222][352]LogModuleManager: Shutting down and abandoning module AllDesktopTargetPlatform (67)
[2018.05.02-00.12.39:222][352]LogModuleManager: Shutting down and abandoning module InputCore (64)
[2018.05.02-00.12.39:222][352]LogModuleManager: Shutting down and abandoning module Settings (62)
[2018.05.02-00.12.39:222][352]LogModuleManager: Shutting down and abandoning module PhysXCooking (60)
[2018.05.02-00.12.39:222][352]LogModuleManager: Shutting down and abandoning module SteamVR (58)
[2018.05.02-00.12.39:222][352]LogModuleManager: Shutting down and abandoning module OculusHMD (56)
[2018.05.02-00.12.39:222][352]LogModuleManager: Shutting down and abandoning module ExampleDeviceProfileSelector (54)
[2018.05.02-00.12.39:222][352]LogModuleManager: Shutting down and abandoning module AppleARKit (52)
[2018.05.02-00.12.39:222][352]LogModuleManager: Shutting down and abandoning module AugmentedReality (51)
[2018.05.02-00.12.39:222][352]LogModuleManager: Shutting down and abandoning module OnlineBlueprintSupport (48)
[2018.05.02-00.12.39:222][352]LogModuleManager: Shutting down and abandoning module OnlineSubsystem (44)
[2018.05.02-00.12.39:222][352]LogModuleManager: Shutting down and abandoning module XMPP (43)
[2018.05.02-00.12.39:222][352]LogModuleManager: Shutting down and abandoning module HTTP (41)
[2018.05.02-00.12.39:222][352]LogHttp: Display: Http module shutting down, but needs to wait on 1 outstanding Http requests:
[2018.05.02-00.12.39:222][352]LogHttp: Display: 	verb=[POST] url=[https://datarouter.ol.epicgames.com/datarouter/api/v1/public/data?SessionID=%7B03E6A917-49A7-FE52-03A8-60BBD4C49AD9%7D&AppID=UEEditor.Rocket.Release&AppVersion=4.18.3-3832480%2B%2B%2BUE4%2BRelease-4.18&UserID=0641090d416adcc9ed03b89235b5e08a%7C1a9c97a03b8344389c6abca93fc25102%7C0c9e8fbc-430d-4232-9a6e-cf58865a8fca&AppEnvironment=datacollector-binary&UploadType=eteventstream] status=Processing
[2018.05.02-00.12.39:251][352]LogModuleManager: Shutting down and abandoning module SSL (40)
[2018.05.02-00.12.39:252][352]LogModuleManager: Shutting down and abandoning module AnimationModifiers (36)
[2018.05.02-00.12.39:252][352]LogModuleManager: Shutting down and abandoning module PropertyEditor (35)
[2018.05.02-00.12.39:252][352]LogModuleManager: Shutting down and abandoning module AudioEditor (32)
[2018.05.02-00.12.39:252][352]LogModuleManager: Shutting down and abandoning module TextureCompressor (30)
[2018.05.02-00.12.39:253][352]LogModuleManager: Shutting down and abandoning module ShaderCore (28)
[2018.05.02-00.12.39:253][352]LogModuleManager: Shutting down and abandoning module Landscape (26)
[2018.05.02-00.12.39:253][352]LogModuleManager: Shutting down and abandoning module SlateRHIRenderer (24)
[2018.05.02-00.12.39:254][352]LogModuleManager: Shutting down and abandoning module OpenGLDrv (22)
[2018.05.02-00.12.39:254][352]LogModuleManager: Shutting down and abandoning module D3D11RHI (20)
[2018.05.02-00.12.39:254][352]LogModuleManager: Shutting down and abandoning module AnimGraphRuntime (18)
[2018.05.02-00.12.39:254][352]LogModuleManager: Shutting down and abandoning module Renderer (16)
[2018.05.02-00.12.39:254][352]LogModuleManager: Shutting down and abandoning module Engine (14)
[2018.05.02-00.12.39:254][352]LogModuleManager: Shutting down and abandoning module CoreUObject (12)
[2018.05.02-00.12.39:254][352]LogModuleManager: Shutting down and abandoning module NetworkFile (10)
[2018.05.02-00.12.39:254][352]LogModuleManager: Shutting down and abandoning module CookedIterativeFile (8)
[2018.05.02-00.12.39:254][352]LogModuleManager: Shutting down and abandoning module StreamingFile (6)
[2018.05.02-00.12.39:254][352]LogModuleManager: Shutting down and abandoning module SandboxFile (4)
[2018.05.02-00.12.39:254][352]LogModuleManager: Shutting down and abandoning module PakFile (2)
[2018.05.02-00.12.39:257][352]LogExit: Exiting.
[2018.05.02-00.12.39:273][352]Log file closed, 05/01/18 20:12:39
